<?xml version="1.0"?>
<!DOCTYPE coverage SYSTEM "coverage-loose.dtd"[]>
<coverage lines-valid="559" lines-covered="0" line-rate="0" branches-valid="0" branches-covered="0" branch-rate="1" timestamp="1779797395692" version="0.1">
  <sources>
    <source>/home/keverall/repos/image-build-automation/src/powershell/Automation/Public</source>
  </sources>
  <packages>
    <package name="" line-rate="0" branch-rate="0">
      <classes>
        <class name="Set-MaintenanceMode.ps1" filename="Set-MaintenanceMode.ps1" line-rate="0" branch-rate="1">
          <methods>
            <method name="_Compute-NextWorkStart" signature="()">
              <lines>
                <line number="347" hits="0" />
                <line number="348" hits="0" />
                <line number="349" hits="0" />
                <line number="350" hits="0" />
                <line number="351" hits="0" />
                <line number="352" hits="0" />
                <line number="353" hits="0" />
                <line number="354" hits="0" />
                <line number="355" hits="0" />
                <line number="357" hits="0" />
              </lines>
            </method>
            <method name="_CreateWindowRest" signature="()">
              <lines>
                <line number="798" hits="0" />
                <line number="799" hits="0" />
                <line number="802" hits="0" />
                <line number="803" hits="0" />
                <line number="804" hits="0" />
                <line number="808" hits="0" />
                <line number="810" hits="0" />
                <line number="811" hits="0" />
                <line number="812" hits="0" />
                <line number="813" hits="0" />
                <line number="814" hits="0" />
                <line number="815" hits="0" />
                <line number="818" hits="0" />
                <line number="820" hits="0" />
                <line number="821" hits="0" />
                <line number="823" hits="0" />
                <line number="826" hits="0" />
              </lines>
            </method>
            <method name="_DetectVersion" signature="()">
              <lines>
                <line number="419" hits="0" />
                <line number="420" hits="0" />
                <line number="421" hits="0" />
                <line number="422" hits="0" />
                <line number="423" hits="0" />
                <line number="429" hits="0" />
                <line number="437" hits="0" />
                <line number="438" hits="0" />
                <line number="439" hits="0" />
                <line number="440" hits="0" />
                <line number="441" hits="0" />
                <line number="442" hits="0" />
                <line number="445" hits="0" />
                <line number="446" hits="0" />
              </lines>
            </method>
            <method name="_EnterMaintenanceRest" signature="()">
              <lines>
                <line number="546" hits="0" />
                <line number="549" hits="0" />
                <line number="550" hits="0" />
                <line number="552" hits="0" />
                <line number="553" hits="0" />
                <line number="554" hits="0" />
                <line number="596" hits="0" />
                <line number="627" hits="0" />
                <line number="628" hits="0" />
              </lines>
            </method>
            <method name="_ExitMaintenanceRest" signature="()">
              <lines>
                <line number="632" hits="0" />
                <line number="634" hits="0" />
                <line number="639" hits="0" />
                <line number="640" hits="0" />
                <line number="641" hits="0" />
                <line number="644" hits="0" />
                <line number="647" hits="0" />
                <line number="648" hits="0" />
                <line number="649" hits="0" />
                <line number="650" hits="0" />
                <line number="663" hits="0" />
                <line number="664" hits="0" />
              </lines>
            </method>
            <method name="_GetIloCredentials" signature="()">
              <lines>
                <line number="780" hits="0" />
                <line number="781" hits="0" />
                <line number="782" hits="0" />
                <line number="783" hits="0" />
                <line number="784" hits="0" />
                <line number="785" hits="0" />
                <line number="786" hits="0" />
                <line number="788" hits="0" />
              </lines>
            </method>
            <method name="_GetIloIp" signature="()">
              <lines>
                <line number="792" hits="0" />
                <line number="793" hits="0" />
              </lines>
            </method>
            <method name="_GetRecipients" signature="()">
              <lines>
                <line number="963" hits="0" />
                <line number="964" hits="0" />
                <line number="965" hits="0" />
                <line number="966" hits="0" />
              </lines>
            </method>
            <method name="_Parse-Datetime" signature="()">
              <lines>
                <line number="317" hits="0" />
                <line number="320" hits="0" />
                <line number="321" hits="0" />
                <line number="322" hits="0" />
                <line number="323" hits="0" />
                <line number="324" hits="0" />
                <line number="325" hits="0" />
                <line number="326" hits="0" />
                <line number="327" hits="0" />
                <line number="328" hits="0" />
                <line number="329" hits="0" />
                <line number="330" hits="0" />
                <line number="331" hits="0" />
                <line number="332" hits="0" />
                <line number="334" hits="0" />
                <line number="337" hits="0" />
                <line number="338" hits="0" />
                <line number="339" hits="0" />
                <line number="340" hits="0" />
                <line number="342" hits="0" />
                <line number="343" hits="0" />
              </lines>
            </method>
            <method name="_RunPs" signature="()">
              <lines>
                <line number="408" hits="0" />
                <line number="409" hits="0" />
                <line number="410" hits="0" />
                <line number="414" hits="0" />
                <line number="697" hits="0" />
                <line number="698" hits="0" />
                <line number="699" hits="0" />
                <line number="703" hits="0" />
              </lines>
            </method>
            <method name="_Save-AuditRecord" signature="()">
              <lines>
                <line number="362" hits="0" />
                <line number="363" hits="0" />
                <line number="366" hits="0" />
                <line number="367" hits="0" />
                <line number="370" hits="0" />
                <line number="372" hits="0" />
                <line number="373" hits="0" />
              </lines>
            </method>
            <method name="_SetViaCli" signature="()">
              <lines>
                <line number="922" hits="0" />
                <line number="923" hits="0" />
                <line number="924" hits="0" />
                <line number="925" hits="0" />
                <line number="926" hits="0" />
                <line number="927" hits="0" />
                <line number="928" hits="0" />
                <line number="929" hits="0" />
              </lines>
            </method>
            <method name="_SetViaRest" signature="()">
              <lines>
                <line number="900" hits="0" />
                <line number="901" hits="0" />
                <line number="902" hits="0" />
                <line number="903" hits="0" />
                <line number="904" hits="0" />
                <line number="905" hits="0" />
                <line number="906" hits="0" />
                <line number="909" hits="0" />
                <line number="910" hits="0" />
                <line number="911" hits="0" />
                <line number="912" hits="0" />
                <line number="914" hits="0" />
                <line number="917" hits="0" />
              </lines>
            </method>
            <method name="EmailNotifier" signature="()">
              <lines>
                <line number="947" hits="0" />
                <line number="948" hits="0" />
                <line number="949" hits="0" />
                <line number="950" hits="0" />
                <line number="951" hits="0" />
                <line number="952" hits="0" />
                <line number="953" hits="0" />
                <line number="954" hits="0" />
                <line number="955" hits="0" />
                <line number="956" hits="0" />
                <line number="957" hits="0" />
                <line number="958" hits="0" />
              </lines>
            </method>
            <method name="EnterMaintenance" signature="()">
              <lines>
                <line number="468" hits="0" />
                <line number="469" hits="0" />
                <line number="470" hits="0" />
                <line number="472" hits="0" />
                <line number="474" hits="0" />
                <line number="477" hits="0" />
                <line number="479" hits="0" />
                <line number="480" hits="0" />
                <line number="481" hits="0" />
                <line number="484" hits="0" />
                <line number="485" hits="0" />
                <line number="489" hits="0" />
                <line number="490" hits="0" />
                <line number="493" hits="0" />
                <line number="496" hits="0" />
                <line number="497" hits="0" />
                <line number="498" hits="0" />
                <line number="499" hits="0" />
                <line number="501" hits="0" />
                <line number="502" hits="0" />
              </lines>
            </method>
            <method name="ExitMaintenance" signature="()">
              <lines>
                <line number="509" hits="0" />
                <line number="510" hits="0" />
                <line number="511" hits="0" />
                <line number="513" hits="0" />
                <line number="515" hits="0" />
                <line number="518" hits="0" />
                <line number="521" hits="0" />
                <line number="522" hits="0" />
                <line number="523" hits="0" />
                <line number="527" hits="0" />
                <line number="528" hits="0" />
                <line number="531" hits="0" />
                <line number="534" hits="0" />
                <line number="535" hits="0" />
                <line number="536" hits="0" />
              </lines>
            </method>
            <method name="GetGroupMembers" signature="()">
              <lines>
                <line number="450" hits="0" />
                <line number="451" hits="0" />
                <line number="452" hits="0" />
                <line number="458" hits="0" />
                <line number="459" hits="0" />
                <line number="460" hits="0" />
              </lines>
            </method>
            <method name="ILOManager" signature="()">
              <lines>
                <line number="771" hits="0" />
                <line number="772" hits="0" />
                <line number="773" hits="0" />
                <line number="774" hits="0" />
                <line number="775" hits="0" />
                <line number="776" hits="0" />
              </lines>
            </method>
            <method name="OneViewManager" signature="()">
              <lines>
                <line number="678" hits="0" />
                <line number="679" hits="0" />
                <line number="680" hits="0" />
                <line number="681" hits="0" />
                <line number="682" hits="0" />
                <line number="683" hits="0" />
                <line number="684" hits="0" />
                <line number="686" hits="0" />
                <line number="687" hits="0" />
                <line number="688" hits="0" />
                <line number="689" hits="0" />
                <line number="690" hits="0" />
                <line number="691" hits="0" />
                <line number="692" hits="0" />
              </lines>
            </method>
            <method name="OpenViewClient" signature="()">
              <lines>
                <line number="876" hits="0" />
                <line number="877" hits="0" />
                <line number="878" hits="0" />
                <line number="879" hits="0" />
                <line number="880" hits="0" />
                <line number="881" hits="0" />
                <line number="882" hits="0" />
                <line number="883" hits="0" />
                <line number="884" hits="0" />
                <line number="885" hits="0" />
                <line number="886" hits="0" />
                <line number="887" hits="0" />
                <line number="888" hits="0" />
              </lines>
            </method>
            <method name="SCOMManager" signature="()">
              <lines>
                <line number="387" hits="0" />
                <line number="388" hits="0" />
                <line number="389" hits="0" />
                <line number="390" hits="0" />
                <line number="391" hits="0" />
                <line number="392" hits="0" />
                <line number="393" hits="0" />
                <line number="394" hits="0" />
                <line number="395" hits="0" />
                <line number="396" hits="0" />
                <line number="397" hits="0" />
                <line number="398" hits="0" />
                <line number="399" hits="0" />
                <line number="400" hits="0" />
                <line number="401" hits="0" />
              </lines>
            </method>
            <method name="SendMaintenanceNotification" signature="()">
              <lines>
                <line number="971" hits="0" />
                <line number="972" hits="0" />
                <line number="973" hits="0" />
                <line number="974" hits="0" />
                <line number="976" hits="0" />
                <line number="977" hits="0" />
                <line number="978" hits="0" />
                <line number="979" hits="0" />
                <line number="980" hits="0" />
                <line number="981" hits="0" />
                <line number="982" hits="0" />
                <line number="983" hits="0" />
                <line number="984" hits="0" />
                <line number="985" hits="0" />
                <line number="986" hits="0" />
                <line number="987" hits="0" />
                <line number="988" hits="0" />
                <line number="989" hits="0" />
                <line number="991" hits="0" />
                <line number="992" hits="0" />
                <line number="993" hits="0" />
                <line number="994" hits="0" />
                <line number="995" hits="0" />
                <line number="996" hits="0" />
                <line number="997" hits="0" />
                <line number="999" hits="0" />
                <line number="1000" hits="0" />
                <line number="1001" hits="0" />
                <line number="1002" hits="0" />
                <line number="1003" hits="0" />
                <line number="1007" hits="0" />
                <line number="1008" hits="0" />
                <line number="1009" hits="0" />
                <line number="1010" hits="0" />
                <line number="1011" hits="0" />
                <line number="1012" hits="0" />
                <line number="1013" hits="0" />
                <line number="1016" hits="0" />
                <line number="1017" hits="0" />
                <line number="1018" hits="0" />
                <line number="1020" hits="0" />
                <line number="1021" hits="0" />
                <line number="1022" hits="0" />
                <line number="1024" hits="0" />
                <line number="1025" hits="0" />
                <line number="1026" hits="0" />
                <line number="1029" hits="0" />
                <line number="1030" hits="0" />
              </lines>
            </method>
            <method name="Set-MaintenanceMode" signature="()">
              <lines>
                <line number="90" hits="0" />
                <line number="93" hits="0" />
                <line number="96" hits="0" />
                <line number="97" hits="0" />
                <line number="98" hits="0" />
                <line number="99" hits="0" />
                <line number="100" hits="0" />
                <line number="101" hits="0" />
                <line number="103" hits="0" />
                <line number="104" hits="0" />
                <line number="105" hits="0" />
                <line number="106" hits="0" />
                <line number="108" hits="0" />
                <line number="111" hits="0" />
                <line number="112" hits="0" />
                <line number="113" hits="0" />
                <line number="114" hits="0" />
                <line number="115" hits="0" />
                <line number="116" hits="0" />
                <line number="117" hits="0" />
                <line number="121" hits="0" />
                <line number="122" hits="0" />
                <line number="123" hits="0" />
                <line number="124" hits="0" />
                <line number="125" hits="0" />
                <line number="129" hits="0" />
                <line number="130" hits="0" />
                <line number="131" hits="0" />
                <line number="132" hits="0" />
                <line number="133" hits="0" />
                <line number="135" hits="0" />
                <line number="136" hits="0" />
                <line number="137" hits="0" />
                <line number="139" hits="0" />
                <line number="140" hits="0" />
                <line number="141" hits="0" />
                <line number="145" hits="0" />
                <line number="146" hits="0" />
                <line number="147" hits="0" />
                <line number="148" hits="0" />
                <line number="149" hits="0" />
                <line number="151" hits="0" />
                <line number="152" hits="0" />
                <line number="155" hits="0" />
                <line number="156" hits="0" />
                <line number="157" hits="0" />
                <line number="158" hits="0" />
                <line number="160" hits="0" />
                <line number="162" hits="0" />
                <line number="163" hits="0" />
                <line number="164" hits="0" />
                <line number="165" hits="0" />
                <line number="166" hits="0" />
                <line number="167" hits="0" />
                <line number="171" hits="0" />
                <line number="172" hits="0" />
                <line number="174" hits="0" />
                <line number="175" hits="0" />
                <line number="178" hits="0" />
                <line number="179" hits="0" />
                <line number="180" hits="0" />
                <line number="181" hits="0" />
                <line number="184" hits="0" />
                <line number="185" hits="0" />
                <line number="186" hits="0" />
                <line number="187" hits="0" />
                <line number="190" hits="0" />
                <line number="191" hits="0" />
                <line number="192" hits="0" />
                <line number="193" hits="0" />
                <line number="194" hits="0" />
                <line number="198" hits="0" />
                <line number="199" hits="0" />
                <line number="200" hits="0" />
                <line number="203" hits="0" />
                <line number="204" hits="0" />
                <line number="205" hits="0" />
                <line number="206" hits="0" />
                <line number="208" hits="0" />
                <line number="210" hits="0" />
                <line number="211" hits="0" />
                <line number="213" hits="0" />
                <line number="214" hits="0" />
                <line number="215" hits="0" />
                <line number="217" hits="0" />
                <line number="220" hits="0" />
                <line number="221" hits="0" />
                <line number="222" hits="0" />
                <line number="223" hits="0" />
                <line number="224" hits="0" />
                <line number="225" hits="0" />
                <line number="227" hits="0" />
                <line number="228" hits="0" />
                <line number="229" hits="0" />
                <line number="231" hits="0" />
                <line number="235" hits="0" />
                <line number="236" hits="0" />
                <line number="238" hits="0" />
                <line number="240" hits="0" />
                <line number="241" hits="0" />
                <line number="242" hits="0" />
                <line number="245" hits="0" />
                <line number="246" hits="0" />
                <line number="247" hits="0" />
                <line number="249" hits="0" />
                <line number="251" hits="0" />
                <line number="252" hits="0" />
                <line number="253" hits="0" />
                <line number="254" hits="0" />
                <line number="258" hits="0" />
                <line number="259" hits="0" />
                <line number="260" hits="0" />
                <line number="261" hits="0" />
                <line number="265" hits="0" />
                <line number="266" hits="0" />
                <line number="267" hits="0" />
                <line number="269" hits="0" />
                <line number="270" hits="0" />
                <line number="271" hits="0" />
                <line number="272" hits="0" />
                <line number="273" hits="0" />
                <line number="274" hits="0" />
                <line number="275" hits="0" />
              </lines>
            </method>
            <method name="SetMaintenance" signature="()">
              <lines>
                <line number="892" hits="0" />
                <line number="893" hits="0" />
                <line number="894" hits="0" />
                <line number="895" hits="0" />
                <line number="896" hits="0" />
              </lines>
            </method>
            <method name="SetMaintenanceWindow" signature="()">
              <lines>
                <line number="708" hits="0" />
                <line number="709" hits="0" />
                <line number="710" hits="0" />
                <line number="713" hits="0" />
                <line number="714" hits="0" />
                <line number="715" hits="0" />
                <line number="716" hits="0" />
                <line number="717" hits="0" />
                <line number="726" hits="0" />
                <line number="727" hits="0" />
                <line number="728" hits="0" />
                <line number="730" hits="0" />
                <line number="731" hits="0" />
                <line number="831" hits="0" />
                <line number="832" hits="0" />
                <line number="833" hits="0" />
                <line number="834" hits="0" />
                <line number="836" hits="0" />
                <line number="838" hits="0" />
                <line number="839" hits="0" />
                <line number="840" hits="0" />
                <line number="841" hits="0" />
                <line number="842" hits="0" />
                <line number="844" hits="0" />
                <line number="845" hits="0" />
                <line number="846" hits="0" />
                <line number="847" hits="0" />
                <line number="848" hits="0" />
                <line number="849" hits="0" />
                <line number="850" hits="0" />
                <line number="851" hits="0" />
                <line number="852" hits="0" />
                <line number="854" hits="0" />
                <line number="855" hits="0" />
                <line number="856" hits="0" />
                <line number="858" hits="0" />
              </lines>
            </method>
            <method name="Split-PipelineCmd" signature="()">
              <lines>
                <line number="1038" hits="0" />
                <line number="1041" hits="0" />
              </lines>
            </method>
            <method name="StopMaintenance" signature="()">
              <lines>
                <line number="735" hits="0" />
                <line number="736" hits="0" />
                <line number="737" hits="0" />
                <line number="740" hits="0" />
                <line number="741" hits="0" />
                <line number="742" hits="0" />
                <line number="743" hits="0" />
                <line number="744" hits="0" />
                <line number="753" hits="0" />
                <line number="754" hits="0" />
                <line number="755" hits="0" />
                <line number="757" hits="0" />
                <line number="758" hits="0" />
              </lines>
            </method>
          </methods>
          <lines>
            <line number="22" hits="0" />
            <line number="24" hits="0" />
            <line number="26" hits="0" />
            <line number="27" hits="0" />
            <line number="90" hits="0" />
            <line number="93" hits="0" />
            <line number="96" hits="0" />
            <line number="97" hits="0" />
            <line number="98" hits="0" />
            <line number="99" hits="0" />
            <line number="100" hits="0" />
            <line number="101" hits="0" />
            <line number="103" hits="0" />
            <line number="104" hits="0" />
            <line number="105" hits="0" />
            <line number="106" hits="0" />
            <line number="108" hits="0" />
            <line number="111" hits="0" />
            <line number="112" hits="0" />
            <line number="113" hits="0" />
            <line number="114" hits="0" />
            <line number="115" hits="0" />
            <line number="116" hits="0" />
            <line number="117" hits="0" />
            <line number="121" hits="0" />
            <line number="122" hits="0" />
            <line number="123" hits="0" />
            <line number="124" hits="0" />
            <line number="125" hits="0" />
            <line number="129" hits="0" />
            <line number="130" hits="0" />
            <line number="131" hits="0" />
            <line number="132" hits="0" />
            <line number="133" hits="0" />
            <line number="135" hits="0" />
            <line number="136" hits="0" />
            <line number="137" hits="0" />
            <line number="139" hits="0" />
            <line number="140" hits="0" />
            <line number="141" hits="0" />
            <line number="145" hits="0" />
            <line number="146" hits="0" />
            <line number="147" hits="0" />
            <line number="148" hits="0" />
            <line number="149" hits="0" />
            <line number="151" hits="0" />
            <line number="152" hits="0" />
            <line number="155" hits="0" />
            <line number="156" hits="0" />
            <line number="157" hits="0" />
            <line number="158" hits="0" />
            <line number="160" hits="0" />
            <line number="162" hits="0" />
            <line number="163" hits="0" />
            <line number="164" hits="0" />
            <line number="165" hits="0" />
            <line number="166" hits="0" />
            <line number="167" hits="0" />
            <line number="171" hits="0" />
            <line number="172" hits="0" />
            <line number="174" hits="0" />
            <line number="175" hits="0" />
            <line number="178" hits="0" />
            <line number="179" hits="0" />
            <line number="180" hits="0" />
            <line number="181" hits="0" />
            <line number="184" hits="0" />
            <line number="185" hits="0" />
            <line number="186" hits="0" />
            <line number="187" hits="0" />
            <line number="190" hits="0" />
            <line number="191" hits="0" />
            <line number="192" hits="0" />
            <line number="193" hits="0" />
            <line number="194" hits="0" />
            <line number="198" hits="0" />
            <line number="199" hits="0" />
            <line number="200" hits="0" />
            <line number="203" hits="0" />
            <line number="204" hits="0" />
            <line number="205" hits="0" />
            <line number="206" hits="0" />
            <line number="208" hits="0" />
            <line number="210" hits="0" />
            <line number="211" hits="0" />
            <line number="213" hits="0" />
            <line number="214" hits="0" />
            <line number="215" hits="0" />
            <line number="217" hits="0" />
            <line number="220" hits="0" />
            <line number="221" hits="0" />
            <line number="222" hits="0" />
            <line number="223" hits="0" />
            <line number="224" hits="0" />
            <line number="225" hits="0" />
            <line number="227" hits="0" />
            <line number="228" hits="0" />
            <line number="229" hits="0" />
            <line number="231" hits="0" />
            <line number="235" hits="0" />
            <line number="236" hits="0" />
            <line number="238" hits="0" />
            <line number="240" hits="0" />
            <line number="241" hits="0" />
            <line number="242" hits="0" />
            <line number="245" hits="0" />
            <line number="246" hits="0" />
            <line number="247" hits="0" />
            <line number="249" hits="0" />
            <line number="251" hits="0" />
            <line number="252" hits="0" />
            <line number="253" hits="0" />
            <line number="254" hits="0" />
            <line number="258" hits="0" />
            <line number="259" hits="0" />
            <line number="260" hits="0" />
            <line number="261" hits="0" />
            <line number="265" hits="0" />
            <line number="266" hits="0" />
            <line number="267" hits="0" />
            <line number="269" hits="0" />
            <line number="270" hits="0" />
            <line number="271" hits="0" />
            <line number="272" hits="0" />
            <line number="273" hits="0" />
            <line number="274" hits="0" />
            <line number="275" hits="0" />
            <line number="285" hits="0" />
            <line number="286" hits="0" />
            <line number="287" hits="0" />
            <line number="290" hits="0" />
            <line number="291" hits="0" />
            <line number="293" hits="0" />
            <line number="296" hits="0" />
            <line number="300" hits="0" />
            <line number="301" hits="0" />
            <line number="303" hits="0" />
            <line number="304" hits="0" />
            <line number="306" hits="0" />
            <line number="307" hits="0" />
            <line number="310" hits="0" />
            <line number="313" hits="0" />
            <line number="317" hits="0" />
            <line number="320" hits="0" />
            <line number="321" hits="0" />
            <line number="322" hits="0" />
            <line number="323" hits="0" />
            <line number="324" hits="0" />
            <line number="325" hits="0" />
            <line number="326" hits="0" />
            <line number="327" hits="0" />
            <line number="328" hits="0" />
            <line number="329" hits="0" />
            <line number="330" hits="0" />
            <line number="331" hits="0" />
            <line number="332" hits="0" />
            <line number="334" hits="0" />
            <line number="337" hits="0" />
            <line number="338" hits="0" />
            <line number="339" hits="0" />
            <line number="340" hits="0" />
            <line number="342" hits="0" />
            <line number="343" hits="0" />
            <line number="347" hits="0" />
            <line number="348" hits="0" />
            <line number="349" hits="0" />
            <line number="350" hits="0" />
            <line number="351" hits="0" />
            <line number="352" hits="0" />
            <line number="353" hits="0" />
            <line number="354" hits="0" />
            <line number="355" hits="0" />
            <line number="357" hits="0" />
            <line number="362" hits="0" />
            <line number="363" hits="0" />
            <line number="366" hits="0" />
            <line number="367" hits="0" />
            <line number="370" hits="0" />
            <line number="372" hits="0" />
            <line number="373" hits="0" />
            <line number="387" hits="0" />
            <line number="388" hits="0" />
            <line number="389" hits="0" />
            <line number="390" hits="0" />
            <line number="391" hits="0" />
            <line number="392" hits="0" />
            <line number="393" hits="0" />
            <line number="394" hits="0" />
            <line number="395" hits="0" />
            <line number="396" hits="0" />
            <line number="397" hits="0" />
            <line number="398" hits="0" />
            <line number="399" hits="0" />
            <line number="400" hits="0" />
            <line number="401" hits="0" />
            <line number="408" hits="0" />
            <line number="409" hits="0" />
            <line number="410" hits="0" />
            <line number="414" hits="0" />
            <line number="419" hits="0" />
            <line number="420" hits="0" />
            <line number="421" hits="0" />
            <line number="422" hits="0" />
            <line number="423" hits="0" />
            <line number="429" hits="0" />
            <line number="437" hits="0" />
            <line number="438" hits="0" />
            <line number="439" hits="0" />
            <line number="440" hits="0" />
            <line number="441" hits="0" />
            <line number="442" hits="0" />
            <line number="445" hits="0" />
            <line number="446" hits="0" />
            <line number="450" hits="0" />
            <line number="451" hits="0" />
            <line number="452" hits="0" />
            <line number="458" hits="0" />
            <line number="459" hits="0" />
            <line number="460" hits="0" />
            <line number="468" hits="0" />
            <line number="469" hits="0" />
            <line number="470" hits="0" />
            <line number="472" hits="0" />
            <line number="474" hits="0" />
            <line number="477" hits="0" />
            <line number="479" hits="0" />
            <line number="480" hits="0" />
            <line number="481" hits="0" />
            <line number="484" hits="0" />
            <line number="485" hits="0" />
            <line number="489" hits="0" />
            <line number="490" hits="0" />
            <line number="493" hits="0" />
            <line number="496" hits="0" />
            <line number="497" hits="0" />
            <line number="498" hits="0" />
            <line number="499" hits="0" />
            <line number="501" hits="0" />
            <line number="502" hits="0" />
            <line number="509" hits="0" />
            <line number="510" hits="0" />
            <line number="511" hits="0" />
            <line number="513" hits="0" />
            <line number="515" hits="0" />
            <line number="518" hits="0" />
            <line number="521" hits="0" />
            <line number="522" hits="0" />
            <line number="523" hits="0" />
            <line number="527" hits="0" />
            <line number="528" hits="0" />
            <line number="531" hits="0" />
            <line number="534" hits="0" />
            <line number="535" hits="0" />
            <line number="536" hits="0" />
            <line number="546" hits="0" />
            <line number="549" hits="0" />
            <line number="550" hits="0" />
            <line number="552" hits="0" />
            <line number="553" hits="0" />
            <line number="554" hits="0" />
            <line number="596" hits="0" />
            <line number="627" hits="0" />
            <line number="628" hits="0" />
            <line number="632" hits="0" />
            <line number="634" hits="0" />
            <line number="639" hits="0" />
            <line number="640" hits="0" />
            <line number="641" hits="0" />
            <line number="644" hits="0" />
            <line number="647" hits="0" />
            <line number="648" hits="0" />
            <line number="649" hits="0" />
            <line number="650" hits="0" />
            <line number="663" hits="0" />
            <line number="664" hits="0" />
            <line number="678" hits="0" />
            <line number="679" hits="0" />
            <line number="680" hits="0" />
            <line number="681" hits="0" />
            <line number="682" hits="0" />
            <line number="683" hits="0" />
            <line number="684" hits="0" />
            <line number="686" hits="0" />
            <line number="687" hits="0" />
            <line number="688" hits="0" />
            <line number="689" hits="0" />
            <line number="690" hits="0" />
            <line number="691" hits="0" />
            <line number="692" hits="0" />
            <line number="697" hits="0" />
            <line number="698" hits="0" />
            <line number="699" hits="0" />
            <line number="703" hits="0" />
            <line number="708" hits="0" />
            <line number="709" hits="0" />
            <line number="710" hits="0" />
            <line number="713" hits="0" />
            <line number="714" hits="0" />
            <line number="715" hits="0" />
            <line number="716" hits="0" />
            <line number="717" hits="0" />
            <line number="726" hits="0" />
            <line number="727" hits="0" />
            <line number="728" hits="0" />
            <line number="730" hits="0" />
            <line number="731" hits="0" />
            <line number="735" hits="0" />
            <line number="736" hits="0" />
            <line number="737" hits="0" />
            <line number="740" hits="0" />
            <line number="741" hits="0" />
            <line number="742" hits="0" />
            <line number="743" hits="0" />
            <line number="744" hits="0" />
            <line number="753" hits="0" />
            <line number="754" hits="0" />
            <line number="755" hits="0" />
            <line number="757" hits="0" />
            <line number="758" hits="0" />
            <line number="771" hits="0" />
            <line number="772" hits="0" />
            <line number="773" hits="0" />
            <line number="774" hits="0" />
            <line number="775" hits="0" />
            <line number="776" hits="0" />
            <line number="780" hits="0" />
            <line number="781" hits="0" />
            <line number="782" hits="0" />
            <line number="783" hits="0" />
            <line number="784" hits="0" />
            <line number="785" hits="0" />
            <line number="786" hits="0" />
            <line number="788" hits="0" />
            <line number="792" hits="0" />
            <line number="793" hits="0" />
            <line number="798" hits="0" />
            <line number="799" hits="0" />
            <line number="802" hits="0" />
            <line number="803" hits="0" />
            <line number="804" hits="0" />
            <line number="808" hits="0" />
            <line number="810" hits="0" />
            <line number="811" hits="0" />
            <line number="812" hits="0" />
            <line number="813" hits="0" />
            <line number="814" hits="0" />
            <line number="815" hits="0" />
            <line number="818" hits="0" />
            <line number="820" hits="0" />
            <line number="821" hits="0" />
            <line number="823" hits="0" />
            <line number="826" hits="0" />
            <line number="831" hits="0" />
            <line number="832" hits="0" />
            <line number="833" hits="0" />
            <line number="834" hits="0" />
            <line number="836" hits="0" />
            <line number="838" hits="0" />
            <line number="839" hits="0" />
            <line number="840" hits="0" />
            <line number="841" hits="0" />
            <line number="842" hits="0" />
            <line number="844" hits="0" />
            <line number="845" hits="0" />
            <line number="846" hits="0" />
            <line number="847" hits="0" />
            <line number="848" hits="0" />
            <line number="849" hits="0" />
            <line number="850" hits="0" />
            <line number="851" hits="0" />
            <line number="852" hits="0" />
            <line number="854" hits="0" />
            <line number="855" hits="0" />
            <line number="856" hits="0" />
            <line number="858" hits="0" />
            <line number="876" hits="0" />
            <line number="877" hits="0" />
            <line number="878" hits="0" />
            <line number="879" hits="0" />
            <line number="880" hits="0" />
            <line number="881" hits="0" />
            <line number="882" hits="0" />
            <line number="883" hits="0" />
            <line number="884" hits="0" />
            <line number="885" hits="0" />
            <line number="886" hits="0" />
            <line number="887" hits="0" />
            <line number="888" hits="0" />
            <line number="892" hits="0" />
            <line number="893" hits="0" />
            <line number="894" hits="0" />
            <line number="895" hits="0" />
            <line number="896" hits="0" />
            <line number="900" hits="0" />
            <line number="901" hits="0" />
            <line number="902" hits="0" />
            <line number="903" hits="0" />
            <line number="904" hits="0" />
            <line number="905" hits="0" />
            <line number="906" hits="0" />
            <line number="909" hits="0" />
            <line number="910" hits="0" />
            <line number="911" hits="0" />
            <line number="912" hits="0" />
            <line number="914" hits="0" />
            <line number="917" hits="0" />
            <line number="922" hits="0" />
            <line number="923" hits="0" />
            <line number="924" hits="0" />
            <line number="925" hits="0" />
            <line number="926" hits="0" />
            <line number="927" hits="0" />
            <line number="928" hits="0" />
            <line number="929" hits="0" />
            <line number="947" hits="0" />
            <line number="948" hits="0" />
            <line number="949" hits="0" />
            <line number="950" hits="0" />
            <line number="951" hits="0" />
            <line number="952" hits="0" />
            <line number="953" hits="0" />
            <line number="954" hits="0" />
            <line number="955" hits="0" />
            <line number="956" hits="0" />
            <line number="957" hits="0" />
            <line number="958" hits="0" />
            <line number="963" hits="0" />
            <line number="964" hits="0" />
            <line number="965" hits="0" />
            <line number="966" hits="0" />
            <line number="971" hits="0" />
            <line number="972" hits="0" />
            <line number="973" hits="0" />
            <line number="974" hits="0" />
            <line number="976" hits="0" />
            <line number="977" hits="0" />
            <line number="978" hits="0" />
            <line number="979" hits="0" />
            <line number="980" hits="0" />
            <line number="981" hits="0" />
            <line number="982" hits="0" />
            <line number="983" hits="0" />
            <line number="984" hits="0" />
            <line number="985" hits="0" />
            <line number="986" hits="0" />
            <line number="987" hits="0" />
            <line number="988" hits="0" />
            <line number="989" hits="0" />
            <line number="991" hits="0" />
            <line number="992" hits="0" />
            <line number="993" hits="0" />
            <line number="994" hits="0" />
            <line number="995" hits="0" />
            <line number="996" hits="0" />
            <line number="997" hits="0" />
            <line number="999" hits="0" />
            <line number="1000" hits="0" />
            <line number="1001" hits="0" />
            <line number="1002" hits="0" />
            <line number="1003" hits="0" />
            <line number="1007" hits="0" />
            <line number="1008" hits="0" />
            <line number="1009" hits="0" />
            <line number="1010" hits="0" />
            <line number="1011" hits="0" />
            <line number="1012" hits="0" />
            <line number="1013" hits="0" />
            <line number="1016" hits="0" />
            <line number="1017" hits="0" />
            <line number="1018" hits="0" />
            <line number="1020" hits="0" />
            <line number="1021" hits="0" />
            <line number="1022" hits="0" />
            <line number="1024" hits="0" />
            <line number="1025" hits="0" />
            <line number="1026" hits="0" />
            <line number="1029" hits="0" />
            <line number="1030" hits="0" />
            <line number="1038" hits="0" />
            <line number="1041" hits="0" />
            <line number="1049" hits="0" />
            <line number="1050" hits="0" />
            <line number="1052" hits="0" />
            <line number="1053" hits="0" />
            <line number="1054" hits="0" />
            <line number="1055" hits="0" />
            <line number="1056" hits="0" />
            <line number="1057" hits="0" />
            <line number="1058" hits="0" />
            <line number="1059" hits="0" />
            <line number="1060" hits="0" />
            <line number="1061" hits="0" />
            <line number="1062" hits="0" />
            <line number="1063" hits="0" />
            <line number="1064" hits="0" />
            <line number="1065" hits="0" />
            <line number="1066" hits="0" />
            <line number="1067" hits="0" />
            <line number="1068" hits="0" />
            <line number="1069" hits="0" />
            <line number="1070" hits="0" />
            <line number="1071" hits="0" />
            <line number="1072" hits="0" />
            <line number="1073" hits="0" />
            <line number="1077" hits="0" />
            <line number="1078" hits="0" />
            <line number="1080" hits="0" />
            <line number="1081" hits="0" />
            <line number="1083" hits="0" />
            <line number="1084" hits="0" />
            <line number="1088" hits="0" />
            <line number="1090" hits="0" />
            <line number="1091" hits="0" />
            <line number="1093" hits="0" />
            <line number="1094" hits="0" />
            <line number="1095" hits="0" />
            <line number="1099" hits="0" />
            <line number="1100" hits="0" />
            <line number="1101" hits="0" />
            <line number="1102" hits="0" />
            <line number="1103" hits="0" />
            <line number="1105" hits="0" />
            <line number="1108" hits="0" />
            <line number="1109" hits="0" />
            <line number="1110" hits="0" />
            <line number="1111" hits="0" />
            <line number="1113" hits="0" />
            <line number="1115" hits="0" />
            <line number="1116" hits="0" />
            <line number="1120" hits="0" />
            <line number="1121" hits="0" />
            <line number="1122" hits="0" />
            <line number="1123" hits="0" />
            <line number="1124" hits="0" />
            <line number="1125" hits="0" />
            <line number="1126" hits="0" />
            <line number="1127" hits="0" />
            <line number="1128" hits="0" />
            <line number="1129" hits="0" />
            <line number="1130" hits="0" />
            <line number="1132" hits="0" />
            <line number="1133" hits="0" />
            <line number="1134" hits="0" />
            <line number="1135" hits="0" />
            <line number="1136" hits="0" />
            <line number="1137" hits="0" />
            <line number="1138" hits="0" />
            <line number="1139" hits="0" />
            <line number="1140" hits="0" />
            <line number="1142" hits="0" />
            <line number="1143" hits="0" />
            <line number="1144" hits="0" />
            <line number="1146" hits="0" />
            <line number="1147" hits="0" />
            <line number="1148" hits="0" />
            <line number="1149" hits="0" />
            <line number="1150" hits="0" />
            <line number="1151" hits="0" />
            <line number="1153" hits="0" />
          </lines>
        </class>
      </classes>
    </package>
  </packages>
</coverage>
