<?xml version="1.0"?>
<!DOCTYPE coverage SYSTEM "coverage-loose.dtd"[]>
<coverage lines-valid="1280" lines-covered="456" line-rate="0.35625" branches-valid="0" branches-covered="0" branch-rate="1" timestamp="1779819519034" version="0.1">
  <sources>
    <source>/home/keverall/repos/image-build-automation/src/powershell/Automation/Public</source>
  </sources>
  <packages>
    <package name="" line-rate="0.35625" branch-rate="0">
      <classes>
        <class name="_Validate-Request.ps1" filename="_Validate-Request.ps1" line-rate="0" branch-rate="1">
          <methods>
            <method name="_Validate-Request" signature="()">
              <lines>
                <line number="30" hits="0" />
                <line number="31" hits="0" />
                <line number="32" hits="0" />
                <line number="34" hits="0" />
                <line number="35" hits="0" />
                <line number="36" hits="0" />
                <line number="38" hits="0" />
              </lines>
            </method>
          </methods>
          <lines>
            <line number="30" hits="0" />
            <line number="31" hits="0" />
            <line number="32" hits="0" />
            <line number="34" hits="0" />
            <line number="35" hits="0" />
            <line number="36" hits="0" />
            <line number="38" hits="0" />
          </lines>
        </class>
        <class name="Get-RouteMap.ps1" filename="Get-RouteMap.ps1" line-rate="1" branch-rate="1">
          <methods>
            <method name="Get-RouteMap" signature="()">
              <lines>
                <line number="22" hits="1" />
              </lines>
            </method>
          </methods>
          <lines>
            <line number="22" hits="1" />
          </lines>
        </class>
        <class name="Invoke-GitLabMaintenanceTrigger.ps1" filename="Invoke-GitLabMaintenanceTrigger.ps1" line-rate="0.0454545454545455" branch-rate="1">
          <methods>
            <method name="Invoke-GitLabMaintenanceTrigger" signature="()">
              <lines>
                <line number="30" hits="0" />
                <line number="31" hits="0" />
                <line number="33" hits="0" />
                <line number="34" hits="0" />
                <line number="35" hits="0" />
                <line number="37" hits="0" />
                <line number="38" hits="0" />
                <line number="43" hits="0" />
                <line number="48" hits="0" />
                <line number="49" hits="0" />
                <line number="50" hits="0" />
                <line number="51" hits="0" />
                <line number="52" hits="0" />
                <line number="53" hits="0" />
                <line number="54" hits="0" />
                <line number="55" hits="0" />
                <line number="58" hits="0" />
                <line number="59" hits="0" />
                <line number="60" hits="0" />
                <line number="61" hits="0" />
                <line number="62" hits="0" />
              </lines>
            </method>
          </methods>
          <lines>
            <line number="7" hits="1" />
            <line number="30" hits="0" />
            <line number="31" hits="0" />
            <line number="33" hits="0" />
            <line number="34" hits="0" />
            <line number="35" hits="0" />
            <line number="37" hits="0" />
            <line number="38" hits="0" />
            <line number="43" hits="0" />
            <line number="48" hits="0" />
            <line number="49" hits="0" />
            <line number="50" hits="0" />
            <line number="51" hits="0" />
            <line number="52" hits="0" />
            <line number="53" hits="0" />
            <line number="54" hits="0" />
            <line number="55" hits="0" />
            <line number="58" hits="0" />
            <line number="59" hits="0" />
            <line number="60" hits="0" />
            <line number="61" hits="0" />
            <line number="62" hits="0" />
          </lines>
        </class>
        <class name="Invoke-IsoDeploy.ps1" filename="Invoke-IsoDeploy.ps1" line-rate="0.344827586206897" branch-rate="1">
          <methods>
            <method name="_DeployViaIlo" signature="()">
              <lines>
                <line number="149" hits="0" />
                <line number="150" hits="0" />
                <line number="151" hits="0" />
                <line number="153" hits="0" />
                <line number="154" hits="0" />
                <line number="155" hits="0" />
                <line number="158" hits="0" />
                <line number="159" hits="0" />
                <line number="160" hits="0" />
                <line number="163" hits="0" />
                <line number="164" hits="0" />
                <line number="165" hits="0" />
                <line number="166" hits="0" />
                <line number="168" hits="0" />
                <line number="169" hits="0" />
                <line number="170" hits="0" />
                <line number="171" hits="0" />
                <line number="172" hits="0" />
                <line number="176" hits="0" />
                <line number="177" hits="0" />
                <line number="180" hits="0" />
                <line number="181" hits="0" />
                <line number="184" hits="0" />
                <line number="189" hits="0" />
                <line number="190" hits="0" />
                <line number="241" hits="0" />
                <line number="242" hits="0" />
                <line number="243" hits="0" />
                <line number="244" hits="0" />
                <line number="245" hits="0" />
                <line number="246" hits="0" />
                <line number="249" hits="0" />
                <line number="250" hits="0" />
                <line number="251" hits="0" />
              </lines>
            </method>
            <method name="_DeployViaRedfish" signature="()">
              <lines>
                <line number="256" hits="0" />
                <line number="257" hits="0" />
                <line number="259" hits="0" />
                <line number="260" hits="0" />
                <line number="262" hits="0" />
                <line number="263" hits="0" />
                <line number="265" hits="0" />
                <line number="266" hits="0" />
                <line number="267" hits="0" />
                <line number="269" hits="0" />
                <line number="270" hits="0" />
                <line number="271" hits="0" />
                <line number="277" hits="0" />
                <line number="278" hits="0" />
                <line number="279" hits="0" />
              </lines>
            </method>
            <method name="_FindServerPackage" signature="()">
              <lines>
                <line number="96" hits="3" />
                <line number="97" hits="1" />
                <line number="98" hits="1" />
                <line number="99" hits="1" />
                <line number="102" hits="2" />
                <line number="103" hits="0" />
                <line number="104" hits="0" />
                <line number="105" hits="0" />
                <line number="106" hits="0" />
                <line number="109" hits="1" />
                <line number="110" hits="1" />
              </lines>
            </method>
            <method name="_Log" signature="()">
              <lines>
                <line number="114" hits="7" />
                <line number="115" hits="1" />
              </lines>
            </method>
            <method name="Deploy" signature="()">
              <lines>
                <line number="283" hits="1" />
                <line number="284" hits="1" />
                <line number="285" hits="1" />
                <line number="286" hits="1" />
                <line number="287" hits="1" />
                <line number="289" hits="0" />
                <line number="290" hits="0" />
                <line number="291" hits="0" />
                <line number="292" hits="0" />
                <line number="294" hits="0" />
                <line number="295" hits="0" />
                <line number="296" hits="0" />
                <line number="297" hits="0" />
              </lines>
            </method>
            <method name="DeployAll" signature="()">
              <lines>
                <line number="301" hits="2" />
                <line number="302" hits="2" />
                <line number="303" hits="1" />
                <line number="304" hits="1" />
                <line number="305" hits="2" />
                <line number="306" hits="1" />
                <line number="307" hits="4" />
                <line number="308" hits="5" />
                <line number="310" hits="4" />
                <line number="311" hits="9" />
                <line number="312" hits="1" />
                <line number="313" hits="1" />
                <line number="314" hits="2" />
                <line number="315" hits="3" />
                <line number="316" hits="2" />
                <line number="317" hits="1" />
                <line number="318" hits="1" />
              </lines>
            </method>
            <method name="Invoke-IsoDeploy" signature="()">
              <lines>
                <line number="65" hits="1" />
                <line number="66" hits="1" />
                <line number="67" hits="0" />
                <line number="68" hits="0" />
                <line number="69" hits="0" />
                <line number="70" hits="0" />
                <line number="73" hits="1" />
                <line number="74" hits="4" />
                <line number="78" hits="0" />
              </lines>
            </method>
            <method name="ISODeployer" signature="()">
              <lines>
                <line number="89" hits="1" />
                <line number="90" hits="1" />
                <line number="91" hits="1" />
                <line number="92" hits="1" />
              </lines>
            </method>
          </methods>
          <lines>
            <line number="65" hits="1" />
            <line number="66" hits="1" />
            <line number="67" hits="0" />
            <line number="68" hits="0" />
            <line number="69" hits="0" />
            <line number="70" hits="0" />
            <line number="73" hits="1" />
            <line number="74" hits="4" />
            <line number="78" hits="0" />
            <line number="89" hits="1" />
            <line number="90" hits="1" />
            <line number="91" hits="1" />
            <line number="92" hits="1" />
            <line number="96" hits="3" />
            <line number="97" hits="1" />
            <line number="98" hits="1" />
            <line number="99" hits="1" />
            <line number="102" hits="2" />
            <line number="103" hits="0" />
            <line number="104" hits="0" />
            <line number="105" hits="0" />
            <line number="106" hits="0" />
            <line number="109" hits="1" />
            <line number="110" hits="1" />
            <line number="114" hits="7" />
            <line number="115" hits="1" />
            <line number="149" hits="0" />
            <line number="150" hits="0" />
            <line number="151" hits="0" />
            <line number="153" hits="0" />
            <line number="154" hits="0" />
            <line number="155" hits="0" />
            <line number="158" hits="0" />
            <line number="159" hits="0" />
            <line number="160" hits="0" />
            <line number="163" hits="0" />
            <line number="164" hits="0" />
            <line number="165" hits="0" />
            <line number="166" hits="0" />
            <line number="168" hits="0" />
            <line number="169" hits="0" />
            <line number="170" hits="0" />
            <line number="171" hits="0" />
            <line number="172" hits="0" />
            <line number="176" hits="0" />
            <line number="177" hits="0" />
            <line number="180" hits="0" />
            <line number="181" hits="0" />
            <line number="184" hits="0" />
            <line number="189" hits="0" />
            <line number="190" hits="0" />
            <line number="241" hits="0" />
            <line number="242" hits="0" />
            <line number="243" hits="0" />
            <line number="244" hits="0" />
            <line number="245" hits="0" />
            <line number="246" hits="0" />
            <line number="249" hits="0" />
            <line number="250" hits="0" />
            <line number="251" hits="0" />
            <line number="256" hits="0" />
            <line number="257" hits="0" />
            <line number="259" hits="0" />
            <line number="260" hits="0" />
            <line number="262" hits="0" />
            <line number="263" hits="0" />
            <line number="265" hits="0" />
            <line number="266" hits="0" />
            <line number="267" hits="0" />
            <line number="269" hits="0" />
            <line number="270" hits="0" />
            <line number="271" hits="0" />
            <line number="277" hits="0" />
            <line number="278" hits="0" />
            <line number="279" hits="0" />
            <line number="283" hits="1" />
            <line number="284" hits="1" />
            <line number="285" hits="1" />
            <line number="286" hits="1" />
            <line number="287" hits="1" />
            <line number="289" hits="0" />
            <line number="290" hits="0" />
            <line number="291" hits="0" />
            <line number="292" hits="0" />
            <line number="294" hits="0" />
            <line number="295" hits="0" />
            <line number="296" hits="0" />
            <line number="297" hits="0" />
            <line number="301" hits="2" />
            <line number="302" hits="2" />
            <line number="303" hits="1" />
            <line number="304" hits="1" />
            <line number="305" hits="2" />
            <line number="306" hits="1" />
            <line number="307" hits="4" />
            <line number="308" hits="5" />
            <line number="310" hits="4" />
            <line number="311" hits="9" />
            <line number="312" hits="1" />
            <line number="313" hits="1" />
            <line number="314" hits="2" />
            <line number="315" hits="3" />
            <line number="316" hits="2" />
            <line number="317" hits="1" />
            <line number="318" hits="1" />
            <line number="323" hits="1" />
            <line number="325" hits="0" />
            <line number="326" hits="0" />
            <line number="327" hits="0" />
            <line number="328" hits="0" />
            <line number="329" hits="0" />
            <line number="330" hits="0" />
            <line number="333" hits="0" />
            <line number="334" hits="0" />
            <line number="338" hits="0" />
            <line number="339" hits="0" />
          </lines>
        </class>
        <class name="Invoke-OpsRampClient.ps1" filename="Invoke-OpsRampClient.ps1" line-rate="0" branch-rate="1">
          <methods>
            <method name="Invoke-OpsRamp" signature="()">
              <lines>
                <line number="48" hits="0" />
                <line number="49" hits="0" />
              </lines>
            </method>
            <method name="Invoke-OpsRampClient" signature="()">
              <lines>
                <line number="26" hits="0" />
              </lines>
            </method>
          </methods>
          <lines>
            <line number="26" hits="0" />
            <line number="48" hits="0" />
            <line number="49" hits="0" />
          </lines>
        </class>
        <class name="Invoke-PowerShellScript.ps1" filename="Invoke-PowerShellScript.ps1" line-rate="0" branch-rate="1">
          <methods>
            <method name="Invoke-PowerShellScript" signature="()">
              <lines>
                <line number="42" hits="0" />
                <line number="43" hits="0" />
                <line number="49" hits="0" />
                <line number="50" hits="0" />
                <line number="51" hits="0" />
                <line number="52" hits="0" />
                <line number="53" hits="0" />
                <line number="54" hits="0" />
                <line number="55" hits="0" />
                <line number="56" hits="0" />
                <line number="57" hits="0" />
                <line number="58" hits="0" />
                <line number="59" hits="0" />
                <line number="60" hits="0" />
                <line number="61" hits="0" />
                <line number="62" hits="0" />
                <line number="63" hits="0" />
                <line number="64" hits="0" />
                <line number="66" hits="0" />
                <line number="69" hits="0" />
                <line number="72" hits="0" />
              </lines>
            </method>
          </methods>
          <lines>
            <line number="42" hits="0" />
            <line number="43" hits="0" />
            <line number="49" hits="0" />
            <line number="50" hits="0" />
            <line number="51" hits="0" />
            <line number="52" hits="0" />
            <line number="53" hits="0" />
            <line number="54" hits="0" />
            <line number="55" hits="0" />
            <line number="56" hits="0" />
            <line number="57" hits="0" />
            <line number="58" hits="0" />
            <line number="59" hits="0" />
            <line number="60" hits="0" />
            <line number="61" hits="0" />
            <line number="62" hits="0" />
            <line number="63" hits="0" />
            <line number="64" hits="0" />
            <line number="66" hits="0" />
            <line number="69" hits="0" />
            <line number="72" hits="0" />
          </lines>
        </class>
        <class name="Invoke-PowerShellWinRM.ps1" filename="Invoke-PowerShellWinRM.ps1" line-rate="0" branch-rate="1">
          <methods>
            <method name="Invoke-PowerShellWinRM" signature="()">
              <lines>
                <line number="50" hits="0" />
                <line number="51" hits="0" />
                <line number="52" hits="0" />
                <line number="53" hits="0" />
                <line number="54" hits="0" />
                <line number="55" hits="0" />
                <line number="58" hits="0" />
              </lines>
            </method>
          </methods>
          <lines>
            <line number="50" hits="0" />
            <line number="51" hits="0" />
            <line number="52" hits="0" />
            <line number="53" hits="0" />
            <line number="54" hits="0" />
            <line number="55" hits="0" />
            <line number="58" hits="0" />
          </lines>
        </class>
        <class name="New-IsoBuild.ps1" filename="New-IsoBuild.ps1" line-rate="0.563380281690141" branch-rate="1">
          <methods>
            <method name="Build-ForServer" signature="()">
              <lines>
                <line number="90" hits="2" />
                <line number="91" hits="1" />
                <line number="92" hits="2" />
                <line number="94" hits="1" />
                <line number="95" hits="1" />
                <line number="96" hits="1" />
                <line number="97" hits="1" />
                <line number="98" hits="1" />
                <line number="99" hits="1" />
                <line number="100" hits="1" />
                <line number="101" hits="1" />
                <line number="102" hits="2" />
                <line number="103" hits="1" />
                <line number="107" hits="2" />
                <line number="108" hits="0" />
                <line number="109" hits="1" />
                <line number="110" hits="3" />
                <line number="112" hits="1" />
                <line number="113" hits="1" />
                <line number="114" hits="0" />
                <line number="115" hits="0" />
                <line number="116" hits="0" />
                <line number="117" hits="0" />
                <line number="119" hits="0" />
                <line number="121" hits="0" />
                <line number="122" hits="0" />
                <line number="123" hits="0" />
                <line number="124" hits="0" />
                <line number="125" hits="0" />
                <line number="126" hits="0" />
                <line number="127" hits="0" />
                <line number="129" hits="0" />
                <line number="131" hits="0" />
                <line number="133" hits="0" />
                <line number="134" hits="0" />
                <line number="135" hits="0" />
                <line number="136" hits="0" />
                <line number="138" hits="0" />
                <line number="139" hits="0" />
                <line number="140" hits="0" />
                <line number="141" hits="0" />
                <line number="142" hits="0" />
                <line number="143" hits="0" />
                <line number="145" hits="0" />
                <line number="146" hits="0" />
                <line number="147" hits="0" />
                <line number="150" hits="2" />
                <line number="151" hits="1" />
                <line number="153" hits="1" />
                <line number="154" hits="1" />
              </lines>
            </method>
            <method name="New-IsoBuild" signature="()">
              <lines>
                <line number="52" hits="1" />
                <line number="53" hits="1" />
                <line number="54" hits="1" />
                <line number="55" hits="1" />
                <line number="56" hits="1" />
                <line number="58" hits="2" />
                <line number="59" hits="2" />
                <line number="60" hits="0" />
                <line number="61" hits="0" />
                <line number="66" hits="2" />
                <line number="67" hits="2" />
                <line number="69" hits="4" />
                <line number="70" hits="1" />
                <line number="71" hits="2" />
                <line number="72" hits="1" />
                <line number="73" hits="1" />
                <line number="74" hits="2" />
                <line number="75" hits="1" />
                <line number="77" hits="1" />
                <line number="78" hits="3" />
                <line number="81" hits="0" />
              </lines>
            </method>
          </methods>
          <lines>
            <line number="52" hits="1" />
            <line number="53" hits="1" />
            <line number="54" hits="1" />
            <line number="55" hits="1" />
            <line number="56" hits="1" />
            <line number="58" hits="2" />
            <line number="59" hits="2" />
            <line number="60" hits="0" />
            <line number="61" hits="0" />
            <line number="66" hits="2" />
            <line number="67" hits="2" />
            <line number="69" hits="4" />
            <line number="70" hits="1" />
            <line number="71" hits="2" />
            <line number="72" hits="1" />
            <line number="73" hits="1" />
            <line number="74" hits="2" />
            <line number="75" hits="1" />
            <line number="77" hits="1" />
            <line number="78" hits="3" />
            <line number="81" hits="0" />
            <line number="90" hits="2" />
            <line number="91" hits="1" />
            <line number="92" hits="2" />
            <line number="94" hits="1" />
            <line number="95" hits="1" />
            <line number="96" hits="1" />
            <line number="97" hits="1" />
            <line number="98" hits="1" />
            <line number="99" hits="1" />
            <line number="100" hits="1" />
            <line number="101" hits="1" />
            <line number="102" hits="2" />
            <line number="103" hits="1" />
            <line number="107" hits="2" />
            <line number="108" hits="0" />
            <line number="109" hits="1" />
            <line number="110" hits="3" />
            <line number="112" hits="1" />
            <line number="113" hits="1" />
            <line number="114" hits="0" />
            <line number="115" hits="0" />
            <line number="116" hits="0" />
            <line number="117" hits="0" />
            <line number="119" hits="0" />
            <line number="121" hits="0" />
            <line number="122" hits="0" />
            <line number="123" hits="0" />
            <line number="124" hits="0" />
            <line number="125" hits="0" />
            <line number="126" hits="0" />
            <line number="127" hits="0" />
            <line number="129" hits="0" />
            <line number="131" hits="0" />
            <line number="133" hits="0" />
            <line number="134" hits="0" />
            <line number="135" hits="0" />
            <line number="136" hits="0" />
            <line number="138" hits="0" />
            <line number="139" hits="0" />
            <line number="140" hits="0" />
            <line number="141" hits="0" />
            <line number="142" hits="0" />
            <line number="143" hits="0" />
            <line number="145" hits="0" />
            <line number="146" hits="0" />
            <line number="147" hits="0" />
            <line number="150" hits="2" />
            <line number="151" hits="1" />
            <line number="153" hits="1" />
            <line number="154" hits="1" />
          </lines>
        </class>
        <class name="New-OneViewMaintenanceScript.ps1" filename="New-OneViewMaintenanceScript.ps1" line-rate="1" branch-rate="1">
          <methods>
            <method name="New-OneViewMaintenanceScript" signature="()">
              <lines>
                <line number="34" hits="2" />
                <line number="36" hits="1" />
                <line number="37" hits="1" />
                <line number="51" hits="1" />
              </lines>
            </method>
          </methods>
          <lines>
            <line number="34" hits="2" />
            <line number="36" hits="1" />
            <line number="37" hits="1" />
            <line number="51" hits="1" />
          </lines>
        </class>
        <class name="New-ScomConnection.ps1" filename="New-ScomConnection.ps1" line-rate="0" branch-rate="1">
          <methods>
            <method name="New-ScomConnection" signature="()">
              <lines>
                <line number="30" hits="0" />
              </lines>
            </method>
            <method name="New-ScomRestConnection" signature="()">
              <lines>
                <line number="59" hits="0" />
                <line number="60" hits="0" />
                <line number="61" hits="0" />
              </lines>
            </method>
          </methods>
          <lines>
            <line number="30" hits="0" />
            <line number="59" hits="0" />
            <line number="60" hits="0" />
            <line number="61" hits="0" />
          </lines>
        </class>
        <class name="New-ScomMaintenanceScript.ps1" filename="New-ScomMaintenanceScript.ps1" line-rate="0.928571428571429" branch-rate="1">
          <methods>
            <method name="New-ScomMaintenanceScript" signature="()">
              <lines>
                <line number="58" hits="1" />
                <line number="59" hits="1" />
                <line number="60" hits="4" />
                <line number="61" hits="2" />
                <line number="62" hits="1" />
                <line number="64" hits="1" />
                <line number="65" hits="1" />
                <line number="72" hits="1" />
                <line number="146" hits="1" />
                <line number="179" hits="1" />
                <line number="180" hits="1" />
                <line number="240" hits="1" />
                <line number="241" hits="1" />
                <line number="267" hits="0" />
              </lines>
            </method>
          </methods>
          <lines>
            <line number="58" hits="1" />
            <line number="59" hits="1" />
            <line number="60" hits="4" />
            <line number="61" hits="2" />
            <line number="62" hits="1" />
            <line number="64" hits="1" />
            <line number="65" hits="1" />
            <line number="72" hits="1" />
            <line number="146" hits="1" />
            <line number="179" hits="1" />
            <line number="180" hits="1" />
            <line number="240" hits="1" />
            <line number="241" hits="1" />
            <line number="267" hits="0" />
          </lines>
        </class>
        <class name="New-Uuid.ps1" filename="New-Uuid.ps1" line-rate="0.9" branch-rate="1">
          <methods>
            <method name="New-Uuid" signature="()">
              <lines>
                <line number="49" hits="2" />
                <line number="52" hits="1" />
                <line number="53" hits="1" />
                <line number="54" hits="1" />
                <line number="55" hits="1" />
                <line number="58" hits="1" />
                <line number="59" hits="1" />
                <line number="61" hits="1" />
                <line number="62" hits="0" />
                <line number="65" hits="1" />
              </lines>
            </method>
          </methods>
          <lines>
            <line number="49" hits="2" />
            <line number="52" hits="1" />
            <line number="53" hits="1" />
            <line number="54" hits="1" />
            <line number="55" hits="1" />
            <line number="58" hits="1" />
            <line number="59" hits="1" />
            <line number="61" hits="1" />
            <line number="62" hits="0" />
            <line number="65" hits="1" />
          </lines>
        </class>
        <class name="Set-MaintenanceMode.ps1" filename="Set-MaintenanceMode.ps1" line-rate="0.445969125214408" branch-rate="1">
          <methods>
            <method name="_Compute-NextWorkStart" signature="()">
              <lines>
                <line number="379" hits="1" />
                <line number="380" hits="1" />
                <line number="381" hits="8" />
                <line number="382" hits="5" />
                <line number="383" hits="1" />
                <line number="384" hits="1" />
                <line number="385" hits="1" />
                <line number="386" hits="1" />
                <line number="387" hits="2" />
                <line number="389" hits="1" />
              </lines>
            </method>
            <method name="_CreateWindowRest" signature="()">
              <lines>
                <line number="830" hits="0" />
                <line number="831" hits="0" />
                <line number="834" hits="0" />
                <line number="835" hits="0" />
                <line number="836" hits="0" />
                <line number="840" hits="0" />
                <line number="842" hits="0" />
                <line number="843" hits="0" />
                <line number="844" hits="0" />
                <line number="845" hits="0" />
                <line number="846" hits="0" />
                <line number="847" hits="0" />
                <line number="850" hits="0" />
                <line number="852" hits="0" />
                <line number="853" hits="0" />
                <line number="855" hits="0" />
                <line number="858" hits="0" />
              </lines>
            </method>
            <method name="_DetectVersion" signature="()">
              <lines>
                <line number="451" hits="0" />
                <line number="452" hits="0" />
                <line number="453" hits="0" />
                <line number="454" hits="0" />
                <line number="455" hits="0" />
                <line number="461" hits="0" />
                <line number="469" hits="0" />
                <line number="470" hits="0" />
                <line number="471" hits="0" />
                <line number="472" hits="0" />
                <line number="473" hits="0" />
                <line number="474" hits="0" />
                <line number="477" hits="0" />
                <line number="478" hits="0" />
              </lines>
            </method>
            <method name="_EnterMaintenanceRest" signature="()">
              <lines>
                <line number="578" hits="0" />
                <line number="581" hits="0" />
                <line number="582" hits="0" />
                <line number="584" hits="0" />
                <line number="585" hits="0" />
                <line number="586" hits="0" />
                <line number="628" hits="0" />
                <line number="659" hits="0" />
                <line number="660" hits="0" />
              </lines>
            </method>
            <method name="_ExitMaintenanceRest" signature="()">
              <lines>
                <line number="664" hits="0" />
                <line number="666" hits="0" />
                <line number="671" hits="0" />
                <line number="672" hits="0" />
                <line number="673" hits="0" />
                <line number="676" hits="0" />
                <line number="679" hits="0" />
                <line number="680" hits="0" />
                <line number="681" hits="0" />
                <line number="682" hits="0" />
                <line number="695" hits="0" />
                <line number="696" hits="0" />
              </lines>
            </method>
            <method name="_GetIloCredentials" signature="()">
              <lines>
                <line number="812" hits="0" />
                <line number="813" hits="0" />
                <line number="814" hits="0" />
                <line number="815" hits="0" />
                <line number="816" hits="0" />
                <line number="817" hits="0" />
                <line number="818" hits="0" />
                <line number="820" hits="0" />
              </lines>
            </method>
            <method name="_GetIloIp" signature="()">
              <lines>
                <line number="824" hits="0" />
                <line number="825" hits="0" />
              </lines>
            </method>
            <method name="_GetRecipients" signature="()">
              <lines>
                <line number="995" hits="2" />
                <line number="996" hits="0" />
                <line number="997" hits="0" />
                <line number="998" hits="0" />
              </lines>
            </method>
            <method name="_Parse-Datetime" signature="()">
              <lines>
                <line number="349" hits="2" />
                <line number="352" hits="1" />
                <line number="353" hits="1" />
                <line number="354" hits="1" />
                <line number="355" hits="1" />
                <line number="356" hits="1" />
                <line number="357" hits="1" />
                <line number="358" hits="1" />
                <line number="359" hits="1" />
                <line number="360" hits="1" />
                <line number="361" hits="1" />
                <line number="362" hits="1" />
                <line number="363" hits="1" />
                <line number="364" hits="0" />
                <line number="366" hits="2" />
                <line number="369" hits="1" />
                <line number="370" hits="2" />
                <line number="371" hits="1" />
                <line number="372" hits="1" />
                <line number="374" hits="2" />
                <line number="375" hits="1" />
              </lines>
            </method>
            <method name="_RunPs" signature="()">
              <lines>
                <line number="440" hits="0" />
                <line number="441" hits="0" />
                <line number="442" hits="0" />
                <line number="446" hits="0" />
                <line number="729" hits="0" />
                <line number="730" hits="0" />
                <line number="731" hits="0" />
                <line number="735" hits="0" />
              </lines>
            </method>
            <method name="_Save-AuditRecord" signature="()">
              <lines>
                <line number="394" hits="1" />
                <line number="395" hits="2" />
                <line number="398" hits="1" />
                <line number="399" hits="0" />
                <line number="402" hits="3" />
                <line number="404" hits="1" />
                <line number="405" hits="3" />
              </lines>
            </method>
            <method name="_SetViaCli" signature="()">
              <lines>
                <line number="954" hits="0" />
                <line number="955" hits="0" />
                <line number="956" hits="0" />
                <line number="957" hits="0" />
                <line number="958" hits="0" />
                <line number="959" hits="0" />
                <line number="960" hits="0" />
                <line number="961" hits="0" />
              </lines>
            </method>
            <method name="_SetViaRest" signature="()">
              <lines>
                <line number="932" hits="5" />
                <line number="933" hits="0" />
                <line number="934" hits="0" />
                <line number="935" hits="0" />
                <line number="936" hits="0" />
                <line number="937" hits="0" />
                <line number="938" hits="0" />
                <line number="941" hits="0" />
                <line number="942" hits="0" />
                <line number="943" hits="0" />
                <line number="944" hits="0" />
                <line number="946" hits="0" />
                <line number="949" hits="0" />
              </lines>
            </method>
            <method name="EmailNotifier" signature="()">
              <lines>
                <line number="979" hits="1" />
                <line number="980" hits="1" />
                <line number="981" hits="2" />
                <line number="982" hits="2" />
                <line number="983" hits="2" />
                <line number="984" hits="1" />
                <line number="985" hits="1" />
                <line number="986" hits="1" />
                <line number="987" hits="1" />
                <line number="988" hits="1" />
                <line number="989" hits="5" />
                <line number="990" hits="2" />
              </lines>
            </method>
            <method name="EnterMaintenance" signature="()">
              <lines>
                <line number="500" hits="1" />
                <line number="501" hits="1" />
                <line number="502" hits="2" />
                <line number="504" hits="0" />
                <line number="506" hits="3" />
                <line number="509" hits="0" />
                <line number="511" hits="0" />
                <line number="512" hits="0" />
                <line number="513" hits="0" />
                <line number="516" hits="0" />
                <line number="517" hits="0" />
                <line number="521" hits="0" />
                <line number="522" hits="0" />
                <line number="525" hits="0" />
                <line number="528" hits="0" />
                <line number="529" hits="0" />
                <line number="530" hits="0" />
                <line number="531" hits="0" />
                <line number="533" hits="0" />
                <line number="534" hits="0" />
              </lines>
            </method>
            <method name="ExitMaintenance" signature="()">
              <lines>
                <line number="541" hits="0" />
                <line number="542" hits="0" />
                <line number="543" hits="0" />
                <line number="545" hits="0" />
                <line number="547" hits="0" />
                <line number="550" hits="0" />
                <line number="553" hits="0" />
                <line number="554" hits="0" />
                <line number="555" hits="0" />
                <line number="559" hits="0" />
                <line number="560" hits="0" />
                <line number="563" hits="0" />
                <line number="566" hits="0" />
                <line number="567" hits="0" />
                <line number="568" hits="0" />
              </lines>
            </method>
            <method name="GetGroupMembers" signature="()">
              <lines>
                <line number="482" hits="0" />
                <line number="483" hits="0" />
                <line number="484" hits="0" />
                <line number="490" hits="0" />
                <line number="491" hits="0" />
                <line number="492" hits="0" />
              </lines>
            </method>
            <method name="ILOManager" signature="()">
              <lines>
                <line number="803" hits="1" />
                <line number="804" hits="1" />
                <line number="805" hits="1" />
                <line number="806" hits="1" />
                <line number="807" hits="1" />
                <line number="808" hits="1" />
              </lines>
            </method>
            <method name="OneViewManager" signature="()">
              <lines>
                <line number="710" hits="1" />
                <line number="711" hits="1" />
                <line number="712" hits="1" />
                <line number="713" hits="1" />
                <line number="714" hits="2" />
                <line number="715" hits="1" />
                <line number="716" hits="1" />
                <line number="718" hits="1" />
                <line number="719" hits="1" />
                <line number="720" hits="0" />
                <line number="721" hits="0" />
                <line number="722" hits="0" />
                <line number="723" hits="0" />
                <line number="724" hits="0" />
              </lines>
            </method>
            <method name="OpenViewClient" signature="()">
              <lines>
                <line number="908" hits="1" />
                <line number="909" hits="1" />
                <line number="910" hits="1" />
                <line number="911" hits="1" />
                <line number="912" hits="1" />
                <line number="913" hits="2" />
                <line number="914" hits="1" />
                <line number="915" hits="1" />
                <line number="916" hits="1" />
                <line number="917" hits="1" />
                <line number="918" hits="1" />
                <line number="919" hits="2" />
                <line number="920" hits="1" />
              </lines>
            </method>
            <method name="SCOMManager" signature="()">
              <lines>
                <line number="419" hits="1" />
                <line number="420" hits="1" />
                <line number="421" hits="1" />
                <line number="422" hits="2" />
                <line number="423" hits="1" />
                <line number="424" hits="1" />
                <line number="425" hits="1" />
                <line number="426" hits="1" />
                <line number="427" hits="1" />
                <line number="428" hits="0" />
                <line number="429" hits="0" />
                <line number="430" hits="0" />
                <line number="431" hits="0" />
                <line number="432" hits="0" />
                <line number="433" hits="0" />
              </lines>
            </method>
            <method name="SendMaintenanceNotification" signature="()">
              <lines>
                <line number="1003" hits="1" />
                <line number="1004" hits="1" />
                <line number="1005" hits="0" />
                <line number="1006" hits="0" />
                <line number="1008" hits="1" />
                <line number="1009" hits="1" />
                <line number="1010" hits="3" />
                <line number="1011" hits="2" />
                <line number="1012" hits="1" />
                <line number="1013" hits="1" />
                <line number="1014" hits="1" />
                <line number="1015" hits="2" />
                <line number="1016" hits="1" />
                <line number="1017" hits="1" />
                <line number="1018" hits="1" />
                <line number="1019" hits="2" />
                <line number="1020" hits="2" />
                <line number="1021" hits="0" />
                <line number="1023" hits="1" />
                <line number="1024" hits="1" />
                <line number="1025" hits="1" />
                <line number="1026" hits="2" />
                <line number="1027" hits="4" />
                <line number="1028" hits="1" />
                <line number="1029" hits="3" />
                <line number="1031" hits="1" />
                <line number="1032" hits="2" />
                <line number="1033" hits="1" />
                <line number="1034" hits="1" />
                <line number="1035" hits="1" />
                <line number="1039" hits="0" />
                <line number="1040" hits="0" />
                <line number="1041" hits="0" />
                <line number="1042" hits="0" />
                <line number="1043" hits="0" />
                <line number="1044" hits="0" />
                <line number="1045" hits="0" />
                <line number="1048" hits="0" />
                <line number="1049" hits="0" />
                <line number="1050" hits="0" />
                <line number="1052" hits="0" />
                <line number="1053" hits="0" />
                <line number="1054" hits="0" />
                <line number="1056" hits="0" />
                <line number="1057" hits="0" />
                <line number="1058" hits="0" />
                <line number="1061" hits="0" />
                <line number="1062" hits="0" />
              </lines>
            </method>
            <method name="Set-MaintenanceMode" signature="()">
              <lines>
                <line number="90" hits="1" />
                <line number="93" hits="2" />
                <line number="96" hits="2" />
                <line number="97" hits="2" />
                <line number="98" hits="2" />
                <line number="99" hits="2" />
                <line number="100" hits="2" />
                <line number="101" hits="2" />
                <line number="103" hits="1" />
                <line number="104" hits="1" />
                <line number="105" hits="1" />
                <line number="106" hits="3" />
                <line number="108" hits="1" />
                <line number="111" hits="2" />
                <line number="112" hits="2" />
                <line number="113" hits="1" />
                <line number="114" hits="1" />
                <line number="115" hits="4" />
                <line number="116" hits="0" />
                <line number="117" hits="0" />
                <line number="121" hits="1" />
                <line number="122" hits="2" />
                <line number="123" hits="7" />
                <line number="124" hits="3" />
                <line number="125" hits="3" />
                <line number="129" hits="2" />
                <line number="130" hits="1" />
                <line number="131" hits="2" />
                <line number="132" hits="1" />
                <line number="133" hits="2" />
                <line number="135" hits="1" />
                <line number="136" hits="2" />
                <line number="137" hits="4" />
                <line number="139" hits="5" />
                <line number="140" hits="1" />
                <line number="141" hits="1" />
                <line number="145" hits="2" />
                <line number="146" hits="1" />
                <line number="147" hits="1" />
                <line number="148" hits="2" />
                <line number="149" hits="1" />
                <line number="151" hits="1" />
                <line number="152" hits="3" />
                <line number="155" hits="1" />
                <line number="156" hits="7" />
                <line number="157" hits="1" />
                <line number="158" hits="1" />
                <line number="160" hits="1" />
                <line number="162" hits="2" />
                <line number="163" hits="1" />
                <line number="164" hits="1" />
                <line number="165" hits="1" />
                <line number="166" hits="2" />
                <line number="167" hits="1" />
                <line number="171" hits="1" />
                <line number="172" hits="2" />
                <line number="174" hits="3" />
                <line number="175" hits="1" />
                <line number="178" hits="1" />
                <line number="179" hits="1" />
                <line number="180" hits="3" />
                <line number="181" hits="1" />
                <line number="184" hits="1" />
                <line number="185" hits="2" />
                <line number="186" hits="3" />
                <line number="187" hits="1" />
                <line number="190" hits="1" />
                <line number="191" hits="1" />
                <line number="192" hits="2" />
                <line number="193" hits="3" />
                <line number="194" hits="1" />
                <line number="198" hits="1" />
                <line number="199" hits="2" />
                <line number="200" hits="1" />
                <line number="203" hits="1" />
                <line number="204" hits="1" />
                <line number="205" hits="0" />
                <line number="206" hits="0" />
                <line number="208" hits="0" />
                <line number="210" hits="0" />
                <line number="211" hits="0" />
                <line number="213" hits="0" />
                <line number="214" hits="0" />
                <line number="215" hits="0" />
                <line number="217" hits="2" />
                <line number="220" hits="1" />
                <line number="221" hits="0" />
                <line number="222" hits="0" />
                <line number="223" hits="0" />
                <line number="224" hits="0" />
                <line number="225" hits="0" />
                <line number="227" hits="0" />
                <line number="228" hits="0" />
                <line number="229" hits="0" />
                <line number="231" hits="0" />
                <line number="235" hits="1" />
                <line number="236" hits="1" />
                <line number="238" hits="1" />
                <line number="240" hits="2" />
                <line number="241" hits="2" />
                <line number="242" hits="1" />
                <line number="245" hits="1" />
                <line number="246" hits="0" />
                <line number="247" hits="0" />
                <line number="249" hits="0" />
                <line number="251" hits="0" />
                <line number="252" hits="0" />
                <line number="253" hits="0" />
                <line number="254" hits="0" />
                <line number="258" hits="1" />
                <line number="259" hits="0" />
                <line number="260" hits="0" />
                <line number="261" hits="0" />
                <line number="265" hits="1" />
                <line number="266" hits="3" />
                <line number="267" hits="1" />
                <line number="270" hits="1" />
                <line number="271" hits="3" />
                <line number="272" hits="2" />
                <line number="274" hits="1" />
                <line number="275" hits="1" />
                <line number="276" hits="4" />
                <line number="277" hits="1" />
                <line number="278" hits="1" />
                <line number="279" hits="1" />
                <line number="281" hits="0" />
                <line number="284" hits="0" />
                <line number="287" hits="2" />
                <line number="288" hits="0" />
                <line number="290" hits="1" />
                <line number="291" hits="1" />
                <line number="292" hits="1" />
                <line number="293" hits="3" />
                <line number="294" hits="3" />
                <line number="295" hits="1" />
                <line number="296" hits="1" />
                <line number="297" hits="1" />
                <line number="298" hits="1" />
                <line number="299" hits="1" />
              </lines>
            </method>
            <method name="SetMaintenance" signature="()">
              <lines>
                <line number="924" hits="1" />
                <line number="925" hits="1" />
                <line number="926" hits="2" />
                <line number="927" hits="1" />
                <line number="928" hits="1" />
              </lines>
            </method>
            <method name="SetMaintenanceWindow" signature="()">
              <lines>
                <line number="740" hits="1" />
                <line number="741" hits="2" />
                <line number="742" hits="4" />
                <line number="745" hits="0" />
                <line number="746" hits="0" />
                <line number="747" hits="0" />
                <line number="748" hits="0" />
                <line number="749" hits="0" />
                <line number="758" hits="0" />
                <line number="759" hits="0" />
                <line number="760" hits="0" />
                <line number="762" hits="0" />
                <line number="763" hits="0" />
                <line number="863" hits="1" />
                <line number="864" hits="1" />
                <line number="865" hits="2" />
                <line number="866" hits="5" />
                <line number="868" hits="3" />
                <line number="870" hits="0" />
                <line number="871" hits="0" />
                <line number="872" hits="0" />
                <line number="873" hits="0" />
                <line number="874" hits="0" />
                <line number="876" hits="0" />
                <line number="877" hits="0" />
                <line number="878" hits="0" />
                <line number="879" hits="0" />
                <line number="880" hits="0" />
                <line number="881" hits="0" />
                <line number="882" hits="0" />
                <line number="883" hits="0" />
                <line number="884" hits="0" />
                <line number="886" hits="0" />
                <line number="887" hits="0" />
                <line number="888" hits="0" />
                <line number="890" hits="0" />
              </lines>
            </method>
            <method name="Split-PipelineCmd" signature="()">
              <lines>
                <line number="1070" hits="0" />
                <line number="1073" hits="0" />
              </lines>
            </method>
            <method name="StopMaintenance" signature="()">
              <lines>
                <line number="767" hits="0" />
                <line number="768" hits="0" />
                <line number="769" hits="0" />
                <line number="772" hits="0" />
                <line number="773" hits="0" />
                <line number="774" hits="0" />
                <line number="775" hits="0" />
                <line number="776" hits="0" />
                <line number="785" hits="0" />
                <line number="786" hits="0" />
                <line number="787" hits="0" />
                <line number="789" hits="0" />
                <line number="790" hits="0" />
              </lines>
            </method>
          </methods>
          <lines>
            <line number="22" hits="2" />
            <line number="24" hits="0" />
            <line number="26" hits="0" />
            <line number="27" hits="0" />
            <line number="90" hits="1" />
            <line number="93" hits="2" />
            <line number="96" hits="2" />
            <line number="97" hits="2" />
            <line number="98" hits="2" />
            <line number="99" hits="2" />
            <line number="100" hits="2" />
            <line number="101" hits="2" />
            <line number="103" hits="1" />
            <line number="104" hits="1" />
            <line number="105" hits="1" />
            <line number="106" hits="3" />
            <line number="108" hits="1" />
            <line number="111" hits="2" />
            <line number="112" hits="2" />
            <line number="113" hits="1" />
            <line number="114" hits="1" />
            <line number="115" hits="4" />
            <line number="116" hits="0" />
            <line number="117" hits="0" />
            <line number="121" hits="1" />
            <line number="122" hits="2" />
            <line number="123" hits="7" />
            <line number="124" hits="3" />
            <line number="125" hits="3" />
            <line number="129" hits="2" />
            <line number="130" hits="1" />
            <line number="131" hits="2" />
            <line number="132" hits="1" />
            <line number="133" hits="2" />
            <line number="135" hits="1" />
            <line number="136" hits="2" />
            <line number="137" hits="4" />
            <line number="139" hits="5" />
            <line number="140" hits="1" />
            <line number="141" hits="1" />
            <line number="145" hits="2" />
            <line number="146" hits="1" />
            <line number="147" hits="1" />
            <line number="148" hits="2" />
            <line number="149" hits="1" />
            <line number="151" hits="1" />
            <line number="152" hits="3" />
            <line number="155" hits="1" />
            <line number="156" hits="7" />
            <line number="157" hits="1" />
            <line number="158" hits="1" />
            <line number="160" hits="1" />
            <line number="162" hits="2" />
            <line number="163" hits="1" />
            <line number="164" hits="1" />
            <line number="165" hits="1" />
            <line number="166" hits="2" />
            <line number="167" hits="1" />
            <line number="171" hits="1" />
            <line number="172" hits="2" />
            <line number="174" hits="3" />
            <line number="175" hits="1" />
            <line number="178" hits="1" />
            <line number="179" hits="1" />
            <line number="180" hits="3" />
            <line number="181" hits="1" />
            <line number="184" hits="1" />
            <line number="185" hits="2" />
            <line number="186" hits="3" />
            <line number="187" hits="1" />
            <line number="190" hits="1" />
            <line number="191" hits="1" />
            <line number="192" hits="2" />
            <line number="193" hits="3" />
            <line number="194" hits="1" />
            <line number="198" hits="1" />
            <line number="199" hits="2" />
            <line number="200" hits="1" />
            <line number="203" hits="1" />
            <line number="204" hits="1" />
            <line number="205" hits="0" />
            <line number="206" hits="0" />
            <line number="208" hits="0" />
            <line number="210" hits="0" />
            <line number="211" hits="0" />
            <line number="213" hits="0" />
            <line number="214" hits="0" />
            <line number="215" hits="0" />
            <line number="217" hits="2" />
            <line number="220" hits="1" />
            <line number="221" hits="0" />
            <line number="222" hits="0" />
            <line number="223" hits="0" />
            <line number="224" hits="0" />
            <line number="225" hits="0" />
            <line number="227" hits="0" />
            <line number="228" hits="0" />
            <line number="229" hits="0" />
            <line number="231" hits="0" />
            <line number="235" hits="1" />
            <line number="236" hits="1" />
            <line number="238" hits="1" />
            <line number="240" hits="2" />
            <line number="241" hits="2" />
            <line number="242" hits="1" />
            <line number="245" hits="1" />
            <line number="246" hits="0" />
            <line number="247" hits="0" />
            <line number="249" hits="0" />
            <line number="251" hits="0" />
            <line number="252" hits="0" />
            <line number="253" hits="0" />
            <line number="254" hits="0" />
            <line number="258" hits="1" />
            <line number="259" hits="0" />
            <line number="260" hits="0" />
            <line number="261" hits="0" />
            <line number="265" hits="1" />
            <line number="266" hits="3" />
            <line number="267" hits="1" />
            <line number="270" hits="1" />
            <line number="271" hits="3" />
            <line number="272" hits="2" />
            <line number="274" hits="1" />
            <line number="275" hits="1" />
            <line number="276" hits="4" />
            <line number="277" hits="1" />
            <line number="278" hits="1" />
            <line number="279" hits="1" />
            <line number="281" hits="0" />
            <line number="284" hits="0" />
            <line number="287" hits="2" />
            <line number="288" hits="0" />
            <line number="290" hits="1" />
            <line number="291" hits="1" />
            <line number="292" hits="1" />
            <line number="293" hits="3" />
            <line number="294" hits="3" />
            <line number="295" hits="1" />
            <line number="296" hits="1" />
            <line number="297" hits="1" />
            <line number="298" hits="1" />
            <line number="299" hits="1" />
            <line number="309" hits="1" />
            <line number="310" hits="1" />
            <line number="311" hits="1" />
            <line number="312" hits="0" />
            <line number="314" hits="1" />
            <line number="315" hits="5" />
            <line number="316" hits="1" />
            <line number="317" hits="1" />
            <line number="318" hits="1" />
            <line number="320" hits="1" />
            <line number="321" hits="2" />
            <line number="323" hits="0" />
            <line number="327" hits="1" />
            <line number="328" hits="1" />
            <line number="330" hits="1" />
            <line number="331" hits="4" />
            <line number="332" hits="1" />
            <line number="333" hits="1" />
            <line number="335" hits="0" />
            <line number="338" hits="1" />
            <line number="339" hits="1" />
            <line number="342" hits="2" />
            <line number="345" hits="1" />
            <line number="349" hits="2" />
            <line number="352" hits="1" />
            <line number="353" hits="1" />
            <line number="354" hits="1" />
            <line number="355" hits="1" />
            <line number="356" hits="1" />
            <line number="357" hits="1" />
            <line number="358" hits="1" />
            <line number="359" hits="1" />
            <line number="360" hits="1" />
            <line number="361" hits="1" />
            <line number="362" hits="1" />
            <line number="363" hits="1" />
            <line number="364" hits="0" />
            <line number="366" hits="2" />
            <line number="369" hits="1" />
            <line number="370" hits="2" />
            <line number="371" hits="1" />
            <line number="372" hits="1" />
            <line number="374" hits="2" />
            <line number="375" hits="1" />
            <line number="379" hits="1" />
            <line number="380" hits="1" />
            <line number="381" hits="8" />
            <line number="382" hits="5" />
            <line number="383" hits="1" />
            <line number="384" hits="1" />
            <line number="385" hits="1" />
            <line number="386" hits="1" />
            <line number="387" hits="2" />
            <line number="389" hits="1" />
            <line number="394" hits="1" />
            <line number="395" hits="2" />
            <line number="398" hits="1" />
            <line number="399" hits="0" />
            <line number="402" hits="3" />
            <line number="404" hits="1" />
            <line number="405" hits="3" />
            <line number="419" hits="1" />
            <line number="420" hits="1" />
            <line number="421" hits="1" />
            <line number="422" hits="2" />
            <line number="423" hits="1" />
            <line number="424" hits="1" />
            <line number="425" hits="1" />
            <line number="426" hits="1" />
            <line number="427" hits="1" />
            <line number="428" hits="0" />
            <line number="429" hits="0" />
            <line number="430" hits="0" />
            <line number="431" hits="0" />
            <line number="432" hits="0" />
            <line number="433" hits="0" />
            <line number="440" hits="0" />
            <line number="441" hits="0" />
            <line number="442" hits="0" />
            <line number="446" hits="0" />
            <line number="451" hits="0" />
            <line number="452" hits="0" />
            <line number="453" hits="0" />
            <line number="454" hits="0" />
            <line number="455" hits="0" />
            <line number="461" hits="0" />
            <line number="469" hits="0" />
            <line number="470" hits="0" />
            <line number="471" hits="0" />
            <line number="472" hits="0" />
            <line number="473" hits="0" />
            <line number="474" hits="0" />
            <line number="477" hits="0" />
            <line number="478" hits="0" />
            <line number="482" hits="0" />
            <line number="483" hits="0" />
            <line number="484" hits="0" />
            <line number="490" hits="0" />
            <line number="491" hits="0" />
            <line number="492" hits="0" />
            <line number="500" hits="1" />
            <line number="501" hits="1" />
            <line number="502" hits="2" />
            <line number="504" hits="0" />
            <line number="506" hits="3" />
            <line number="509" hits="0" />
            <line number="511" hits="0" />
            <line number="512" hits="0" />
            <line number="513" hits="0" />
            <line number="516" hits="0" />
            <line number="517" hits="0" />
            <line number="521" hits="0" />
            <line number="522" hits="0" />
            <line number="525" hits="0" />
            <line number="528" hits="0" />
            <line number="529" hits="0" />
            <line number="530" hits="0" />
            <line number="531" hits="0" />
            <line number="533" hits="0" />
            <line number="534" hits="0" />
            <line number="541" hits="0" />
            <line number="542" hits="0" />
            <line number="543" hits="0" />
            <line number="545" hits="0" />
            <line number="547" hits="0" />
            <line number="550" hits="0" />
            <line number="553" hits="0" />
            <line number="554" hits="0" />
            <line number="555" hits="0" />
            <line number="559" hits="0" />
            <line number="560" hits="0" />
            <line number="563" hits="0" />
            <line number="566" hits="0" />
            <line number="567" hits="0" />
            <line number="568" hits="0" />
            <line number="578" hits="0" />
            <line number="581" hits="0" />
            <line number="582" hits="0" />
            <line number="584" hits="0" />
            <line number="585" hits="0" />
            <line number="586" hits="0" />
            <line number="628" hits="0" />
            <line number="659" hits="0" />
            <line number="660" hits="0" />
            <line number="664" hits="0" />
            <line number="666" hits="0" />
            <line number="671" hits="0" />
            <line number="672" hits="0" />
            <line number="673" hits="0" />
            <line number="676" hits="0" />
            <line number="679" hits="0" />
            <line number="680" hits="0" />
            <line number="681" hits="0" />
            <line number="682" hits="0" />
            <line number="695" hits="0" />
            <line number="696" hits="0" />
            <line number="710" hits="1" />
            <line number="711" hits="1" />
            <line number="712" hits="1" />
            <line number="713" hits="1" />
            <line number="714" hits="2" />
            <line number="715" hits="1" />
            <line number="716" hits="1" />
            <line number="718" hits="1" />
            <line number="719" hits="1" />
            <line number="720" hits="0" />
            <line number="721" hits="0" />
            <line number="722" hits="0" />
            <line number="723" hits="0" />
            <line number="724" hits="0" />
            <line number="729" hits="0" />
            <line number="730" hits="0" />
            <line number="731" hits="0" />
            <line number="735" hits="0" />
            <line number="740" hits="1" />
            <line number="741" hits="2" />
            <line number="742" hits="4" />
            <line number="745" hits="0" />
            <line number="746" hits="0" />
            <line number="747" hits="0" />
            <line number="748" hits="0" />
            <line number="749" hits="0" />
            <line number="758" hits="0" />
            <line number="759" hits="0" />
            <line number="760" hits="0" />
            <line number="762" hits="0" />
            <line number="763" hits="0" />
            <line number="767" hits="0" />
            <line number="768" hits="0" />
            <line number="769" hits="0" />
            <line number="772" hits="0" />
            <line number="773" hits="0" />
            <line number="774" hits="0" />
            <line number="775" hits="0" />
            <line number="776" hits="0" />
            <line number="785" hits="0" />
            <line number="786" hits="0" />
            <line number="787" hits="0" />
            <line number="789" hits="0" />
            <line number="790" hits="0" />
            <line number="803" hits="1" />
            <line number="804" hits="1" />
            <line number="805" hits="1" />
            <line number="806" hits="1" />
            <line number="807" hits="1" />
            <line number="808" hits="1" />
            <line number="812" hits="0" />
            <line number="813" hits="0" />
            <line number="814" hits="0" />
            <line number="815" hits="0" />
            <line number="816" hits="0" />
            <line number="817" hits="0" />
            <line number="818" hits="0" />
            <line number="820" hits="0" />
            <line number="824" hits="0" />
            <line number="825" hits="0" />
            <line number="830" hits="0" />
            <line number="831" hits="0" />
            <line number="834" hits="0" />
            <line number="835" hits="0" />
            <line number="836" hits="0" />
            <line number="840" hits="0" />
            <line number="842" hits="0" />
            <line number="843" hits="0" />
            <line number="844" hits="0" />
            <line number="845" hits="0" />
            <line number="846" hits="0" />
            <line number="847" hits="0" />
            <line number="850" hits="0" />
            <line number="852" hits="0" />
            <line number="853" hits="0" />
            <line number="855" hits="0" />
            <line number="858" hits="0" />
            <line number="863" hits="1" />
            <line number="864" hits="1" />
            <line number="865" hits="2" />
            <line number="866" hits="5" />
            <line number="868" hits="3" />
            <line number="870" hits="0" />
            <line number="871" hits="0" />
            <line number="872" hits="0" />
            <line number="873" hits="0" />
            <line number="874" hits="0" />
            <line number="876" hits="0" />
            <line number="877" hits="0" />
            <line number="878" hits="0" />
            <line number="879" hits="0" />
            <line number="880" hits="0" />
            <line number="881" hits="0" />
            <line number="882" hits="0" />
            <line number="883" hits="0" />
            <line number="884" hits="0" />
            <line number="886" hits="0" />
            <line number="887" hits="0" />
            <line number="888" hits="0" />
            <line number="890" hits="0" />
            <line number="908" hits="1" />
            <line number="909" hits="1" />
            <line number="910" hits="1" />
            <line number="911" hits="1" />
            <line number="912" hits="1" />
            <line number="913" hits="2" />
            <line number="914" hits="1" />
            <line number="915" hits="1" />
            <line number="916" hits="1" />
            <line number="917" hits="1" />
            <line number="918" hits="1" />
            <line number="919" hits="2" />
            <line number="920" hits="1" />
            <line number="924" hits="1" />
            <line number="925" hits="1" />
            <line number="926" hits="2" />
            <line number="927" hits="1" />
            <line number="928" hits="1" />
            <line number="932" hits="5" />
            <line number="933" hits="0" />
            <line number="934" hits="0" />
            <line number="935" hits="0" />
            <line number="936" hits="0" />
            <line number="937" hits="0" />
            <line number="938" hits="0" />
            <line number="941" hits="0" />
            <line number="942" hits="0" />
            <line number="943" hits="0" />
            <line number="944" hits="0" />
            <line number="946" hits="0" />
            <line number="949" hits="0" />
            <line number="954" hits="0" />
            <line number="955" hits="0" />
            <line number="956" hits="0" />
            <line number="957" hits="0" />
            <line number="958" hits="0" />
            <line number="959" hits="0" />
            <line number="960" hits="0" />
            <line number="961" hits="0" />
            <line number="979" hits="1" />
            <line number="980" hits="1" />
            <line number="981" hits="2" />
            <line number="982" hits="2" />
            <line number="983" hits="2" />
            <line number="984" hits="1" />
            <line number="985" hits="1" />
            <line number="986" hits="1" />
            <line number="987" hits="1" />
            <line number="988" hits="1" />
            <line number="989" hits="5" />
            <line number="990" hits="2" />
            <line number="995" hits="2" />
            <line number="996" hits="0" />
            <line number="997" hits="0" />
            <line number="998" hits="0" />
            <line number="1003" hits="1" />
            <line number="1004" hits="1" />
            <line number="1005" hits="0" />
            <line number="1006" hits="0" />
            <line number="1008" hits="1" />
            <line number="1009" hits="1" />
            <line number="1010" hits="3" />
            <line number="1011" hits="2" />
            <line number="1012" hits="1" />
            <line number="1013" hits="1" />
            <line number="1014" hits="1" />
            <line number="1015" hits="2" />
            <line number="1016" hits="1" />
            <line number="1017" hits="1" />
            <line number="1018" hits="1" />
            <line number="1019" hits="2" />
            <line number="1020" hits="2" />
            <line number="1021" hits="0" />
            <line number="1023" hits="1" />
            <line number="1024" hits="1" />
            <line number="1025" hits="1" />
            <line number="1026" hits="2" />
            <line number="1027" hits="4" />
            <line number="1028" hits="1" />
            <line number="1029" hits="3" />
            <line number="1031" hits="1" />
            <line number="1032" hits="2" />
            <line number="1033" hits="1" />
            <line number="1034" hits="1" />
            <line number="1035" hits="1" />
            <line number="1039" hits="0" />
            <line number="1040" hits="0" />
            <line number="1041" hits="0" />
            <line number="1042" hits="0" />
            <line number="1043" hits="0" />
            <line number="1044" hits="0" />
            <line number="1045" hits="0" />
            <line number="1048" hits="0" />
            <line number="1049" hits="0" />
            <line number="1050" hits="0" />
            <line number="1052" hits="0" />
            <line number="1053" hits="0" />
            <line number="1054" hits="0" />
            <line number="1056" hits="0" />
            <line number="1057" hits="0" />
            <line number="1058" hits="0" />
            <line number="1061" hits="0" />
            <line number="1062" hits="0" />
            <line number="1070" hits="0" />
            <line number="1073" hits="0" />
            <line number="1081" hits="1" />
            <line number="1082" hits="0" />
            <line number="1084" hits="0" />
            <line number="1085" hits="0" />
            <line number="1086" hits="0" />
            <line number="1087" hits="0" />
            <line number="1088" hits="0" />
            <line number="1089" hits="0" />
            <line number="1090" hits="0" />
            <line number="1091" hits="0" />
            <line number="1092" hits="0" />
            <line number="1093" hits="0" />
            <line number="1094" hits="0" />
            <line number="1095" hits="0" />
            <line number="1096" hits="0" />
            <line number="1097" hits="0" />
            <line number="1098" hits="0" />
            <line number="1099" hits="0" />
            <line number="1100" hits="0" />
            <line number="1101" hits="0" />
            <line number="1102" hits="0" />
            <line number="1103" hits="0" />
            <line number="1104" hits="0" />
            <line number="1105" hits="0" />
            <line number="1109" hits="0" />
            <line number="1110" hits="0" />
            <line number="1112" hits="0" />
            <line number="1113" hits="0" />
            <line number="1115" hits="0" />
            <line number="1116" hits="0" />
            <line number="1120" hits="0" />
            <line number="1122" hits="0" />
            <line number="1123" hits="0" />
            <line number="1125" hits="0" />
            <line number="1126" hits="0" />
            <line number="1127" hits="0" />
            <line number="1131" hits="0" />
            <line number="1132" hits="0" />
            <line number="1133" hits="0" />
            <line number="1134" hits="0" />
            <line number="1135" hits="0" />
            <line number="1137" hits="0" />
            <line number="1140" hits="0" />
            <line number="1141" hits="0" />
            <line number="1142" hits="0" />
            <line number="1143" hits="0" />
[...]
                <line number="129" hits="0" />
                <line number="130" hits="0" />
                <line number="131" hits="0" />
                <line number="132" hits="0" />
                <line number="134" hits="0" />
                <line number="135" hits="0" />
                <line number="138" hits="0" />
              </lines>
            </method>
            <method name="_DetectGen" signature="()">
              <lines>
                <line number="121" hits="0" />
                <line number="122" hits="0" />
                <line number="123" hits="0" />
              </lines>
            </method>
            <method name="_FindSut" signature="()">
              <lines>
                <line number="105" hits="1" />
                <line number="106" hits="1" />
                <line number="111" hits="2" />
                <line number="112" hits="1" />
                <line number="113" hits="1" />
                <line number="114" hits="1" />
                <line number="115" hits="1" />
                <line number="117" hits="1" />
              </lines>
            </method>
            <method name="_Log" signature="()">
              <lines>
                <line number="142" hits="0" />
                <line number="143" hits="0" />
                <line number="144" hits="0" />
                <line number="145" hits="0" />
              </lines>
            </method>
            <method name="_RunSut" signature="()">
              <lines>
                <line number="150" hits="0" />
                <line number="151" hits="0" />
                <line number="152" hits="0" />
                <line number="153" hits="0" />
                <line number="154" hits="0" />
                <line number="159" hits="0" />
              </lines>
            </method>
            <method name="Build" signature="()">
              <lines>
                <line number="166" hits="0" />
                <line number="167" hits="0" />
                <line number="168" hits="0" />
                <line number="169" hits="0" />
                <line number="170" hits="0" />
                <line number="171" hits="0" />
                <line number="174" hits="0" />
                <line number="175" hits="0" />
                <line number="176" hits="0" />
                <line number="177" hits="0" />
                <line number="178" hits="0" />
                <line number="180" hits="0" />
                <line number="181" hits="0" />
                <line number="182" hits="0" />
                <line number="184" hits="0" />
                <line number="185" hits="0" />
                <line number="186" hits="0" />
                <line number="187" hits="0" />
                <line number="188" hits="0" />
                <line number="189" hits="0" />
                <line number="192" hits="0" />
                <line number="193" hits="0" />
                <line number="194" hits="0" />
                <line number="195" hits="0" />
                <line number="198" hits="0" />
                <line number="199" hits="0" />
                <line number="201" hits="0" />
                <line number="202" hits="0" />
                <line number="203" hits="0" />
                <line number="204" hits="0" />
                <line number="205" hits="0" />
                <line number="206" hits="0" />
                <line number="208" hits="0" />
                <line number="211" hits="0" />
                <line number="212" hits="0" />
                <line number="213" hits="0" />
                <line number="217" hits="0" />
                <line number="218" hits="0" />
                <line number="220" hits="0" />
              </lines>
            </method>
            <method name="FirmwareUpdater" signature="()">
              <lines>
                <line number="89" hits="1" />
                <line number="90" hits="1" />
                <line number="91" hits="1" />
                <line number="92" hits="1" />
                <line number="93" hits="1" />
                <line number="96" hits="0" />
                <line number="97" hits="0" />
                <line number="98" hits="0" />
                <line number="99" hits="0" />
                <line number="100" hits="0" />
              </lines>
            </method>
            <method name="Update-Firmware" signature="()">
              <lines>
                <line number="58" hits="1" />
                <line number="60" hits="2" />
                <line number="61" hits="1" />
                <line number="62" hits="0" />
                <line number="63" hits="0" />
                <line number="64" hits="0" />
                <line number="65" hits="0" />
                <line number="66" hits="0" />
                <line number="67" hits="0" />
                <line number="68" hits="0" />
                <line number="71" hits="3" />
              </lines>
            </method>
          </methods>
          <lines>
            <line number="58" hits="1" />
            <line number="60" hits="2" />
            <line number="61" hits="1" />
            <line number="62" hits="0" />
            <line number="63" hits="0" />
            <line number="64" hits="0" />
            <line number="65" hits="0" />
            <line number="66" hits="0" />
            <line number="67" hits="0" />
            <line number="68" hits="0" />
            <line number="71" hits="3" />
            <line number="89" hits="1" />
            <line number="90" hits="1" />
            <line number="91" hits="1" />
            <line number="92" hits="1" />
            <line number="93" hits="1" />
            <line number="96" hits="0" />
            <line number="97" hits="0" />
            <line number="98" hits="0" />
            <line number="99" hits="0" />
            <line number="100" hits="0" />
            <line number="105" hits="1" />
            <line number="106" hits="1" />
            <line number="111" hits="2" />
            <line number="112" hits="1" />
            <line number="113" hits="1" />
            <line number="114" hits="1" />
            <line number="115" hits="1" />
            <line number="117" hits="1" />
            <line number="121" hits="0" />
            <line number="122" hits="0" />
            <line number="123" hits="0" />
            <line number="127" hits="0" />
            <line number="128" hits="0" />
            <line number="129" hits="0" />
            <line number="130" hits="0" />
            <line number="131" hits="0" />
            <line number="132" hits="0" />
            <line number="134" hits="0" />
            <line number="135" hits="0" />
            <line number="138" hits="0" />
            <line number="142" hits="0" />
            <line number="143" hits="0" />
            <line number="144" hits="0" />
            <line number="145" hits="0" />
            <line number="150" hits="0" />
            <line number="151" hits="0" />
            <line number="152" hits="0" />
            <line number="153" hits="0" />
            <line number="154" hits="0" />
            <line number="159" hits="0" />
            <line number="166" hits="0" />
            <line number="167" hits="0" />
            <line number="168" hits="0" />
            <line number="169" hits="0" />
            <line number="170" hits="0" />
            <line number="171" hits="0" />
            <line number="174" hits="0" />
            <line number="175" hits="0" />
            <line number="176" hits="0" />
            <line number="177" hits="0" />
            <line number="178" hits="0" />
            <line number="180" hits="0" />
            <line number="181" hits="0" />
            <line number="182" hits="0" />
            <line number="184" hits="0" />
            <line number="185" hits="0" />
            <line number="186" hits="0" />
            <line number="187" hits="0" />
            <line number="188" hits="0" />
            <line number="189" hits="0" />
            <line number="192" hits="0" />
            <line number="193" hits="0" />
            <line number="194" hits="0" />
            <line number="195" hits="0" />
            <line number="198" hits="0" />
            <line number="199" hits="0" />
            <line number="201" hits="0" />
            <line number="202" hits="0" />
            <line number="203" hits="0" />
            <line number="204" hits="0" />
            <line number="205" hits="0" />
            <line number="206" hits="0" />
            <line number="208" hits="0" />
            <line number="211" hits="0" />
            <line number="212" hits="0" />
            <line number="213" hits="0" />
            <line number="217" hits="0" />
            <line number="218" hits="0" />
            <line number="220" hits="0" />
            <line number="225" hits="1" />
            <line number="227" hits="0" />
            <line number="228" hits="0" />
            <line number="229" hits="0" />
            <line number="230" hits="0" />
            <line number="231" hits="0" />
            <line number="232" hits="0" />
            <line number="233" hits="0" />
            <line number="234" hits="0" />
            <line number="235" hits="0" />
            <line number="237" hits="0" />
          </lines>
        </class>
        <class name="Update-WindowsSecurity.ps1" filename="Update-WindowsSecurity.ps1" line-rate="0.146788990825688" branch-rate="1">
          <methods>
            <method name="_ApplyPatchesDism" signature="()">
              <lines>
                <line number="139" hits="0" />
                <line number="140" hits="0" />
                <line number="141" hits="0" />
                <line number="142" hits="0" />
                <line number="143" hits="0" />
                <line number="144" hits="0" />
                <line number="145" hits="0" />
                <line number="146" hits="0" />
                <line number="147" hits="0" />
                <line number="148" hits="0" />
                <line number="149" hits="0" />
                <line number="151" hits="0" />
                <line number="153" hits="0" />
              </lines>
            </method>
            <method name="_ApplyPatchesPowerShell" signature="()">
              <lines>
                <line number="157" hits="0" />
                <line number="158" hits="0" />
                <line number="160" hits="0" />
                <line number="161" hits="0" />
                <line number="162" hits="0" />
                <line number="163" hits="0" />
                <line number="164" hits="0" />
                <line number="165" hits="0" />
                <line number="166" hits="0" />
                <line number="167" hits="0" />
                <line number="168" hits="0" />
                <line number="170" hits="0" />
                <line number="172" hits="0" />
              </lines>
            </method>
            <method name="_LoadConfig" signature="()">
              <lines>
                <line number="106" hits="0" />
              </lines>
            </method>
            <method name="_Log" signature="()">
              <lines>
                <line number="109" hits="0" />
                <line number="110" hits="0" />
              </lines>
            </method>
            <method name="_SetupBaseIso" signature="()">
              <lines>
                <line number="114" hits="0" />
                <line number="115" hits="0" />
                <line number="116" hits="0" />
                <line number="117" hits="0" />
                <line number="118" hits="0" />
                <line number="119" hits="0" />
                <line number="122" hits="0" />
                <line number="124" hits="0" />
                <line number="125" hits="0" />
                <line number="126" hits="0" />
                <line number="127" hits="0" />
                <line number="130" hits="0" />
                <line number="131" hits="0" />
                <line number="134" hits="0" />
                <line number="135" hits="0" />
              </lines>
            </method>
            <method name="Build" signature="()">
              <lines>
                <line number="176" hits="0" />
                <line number="177" hits="0" />
                <line number="180" hits="0" />
                <line number="181" hits="0" />
                <line number="182" hits="0" />
                <line number="183" hits="0" />
                <line number="184" hits="0" />
                <line number="187" hits="0" />
                <line number="188" hits="0" />
                <line number="189" hits="0" />
                <line number="190" hits="0" />
                <line number="192" hits="0" />
                <line number="193" hits="0" />
                <line number="194" hits="0" />
                <line number="195" hits="0" />
                <line number="196" hits="0" />
                <line number="199" hits="0" />
                <line number="200" hits="0" />
                <line number="201" hits="0" />
                <line number="202" hits="0" />
                <line number="205" hits="0" />
                <line number="206" hits="0" />
                <line number="207" hits="0" />
                <line number="208" hits="0" />
                <line number="211" hits="0" />
                <line number="212" hits="0" />
                <line number="214" hits="0" />
              </lines>
            </method>
            <method name="Invoke-WindowsSecurityUpdate" signature="()">
              <lines>
                <line number="55" hits="1" />
                <line number="56" hits="1" />
                <line number="57" hits="1" />
                <line number="58" hits="5" />
                <line number="59" hits="1" />
                <line number="60" hits="1" />
                <line number="61" hits="1" />
                <line number="63" hits="3" />
                <line number="64" hits="4" />
                <line number="65" hits="1" />
                <line number="66" hits="1" />
                <line number="68" hits="0" />
                <line number="71" hits="1" />
                <line number="72" hits="1" />
                <line number="74" hits="1" />
                <line number="75" hits="0" />
                <line number="76" hits="0" />
                <line number="77" hits="0" />
                <line number="78" hits="0" />
                <line number="79" hits="0" />
                <line number="82" hits="3" />
              </lines>
            </method>
            <method name="WindowsPatcher" signature="()">
              <lines>
                <line number="97" hits="0" />
                <line number="98" hits="0" />
                <line number="99" hits="0" />
                <line number="100" hits="0" />
                <line number="101" hits="0" />
                <line number="102" hits="0" />
                <line number="103" hits="0" />
              </lines>
            </method>
          </methods>
          <lines>
            <line number="55" hits="1" />
            <line number="56" hits="1" />
            <line number="57" hits="1" />
            <line number="58" hits="5" />
            <line number="59" hits="1" />
            <line number="60" hits="1" />
            <line number="61" hits="1" />
            <line number="63" hits="3" />
            <line number="64" hits="4" />
            <line number="65" hits="1" />
            <line number="66" hits="1" />
            <line number="68" hits="0" />
            <line number="71" hits="1" />
            <line number="72" hits="1" />
            <line number="74" hits="1" />
            <line number="75" hits="0" />
            <line number="76" hits="0" />
            <line number="77" hits="0" />
            <line number="78" hits="0" />
            <line number="79" hits="0" />
            <line number="82" hits="3" />
            <line number="97" hits="0" />
            <line number="98" hits="0" />
            <line number="99" hits="0" />
            <line number="100" hits="0" />
            <line number="101" hits="0" />
            <line number="102" hits="0" />
            <line number="103" hits="0" />
            <line number="106" hits="0" />
            <line number="109" hits="0" />
            <line number="110" hits="0" />
            <line number="114" hits="0" />
            <line number="115" hits="0" />
            <line number="116" hits="0" />
            <line number="117" hits="0" />
            <line number="118" hits="0" />
            <line number="119" hits="0" />
            <line number="122" hits="0" />
            <line number="124" hits="0" />
            <line number="125" hits="0" />
            <line number="126" hits="0" />
            <line number="127" hits="0" />
            <line number="130" hits="0" />
            <line number="131" hits="0" />
            <line number="134" hits="0" />
            <line number="135" hits="0" />
            <line number="139" hits="0" />
            <line number="140" hits="0" />
            <line number="141" hits="0" />
            <line number="142" hits="0" />
            <line number="143" hits="0" />
            <line number="144" hits="0" />
            <line number="145" hits="0" />
            <line number="146" hits="0" />
            <line number="147" hits="0" />
            <line number="148" hits="0" />
            <line number="149" hits="0" />
            <line number="151" hits="0" />
            <line number="153" hits="0" />
            <line number="157" hits="0" />
            <line number="158" hits="0" />
            <line number="160" hits="0" />
            <line number="161" hits="0" />
            <line number="162" hits="0" />
            <line number="163" hits="0" />
            <line number="164" hits="0" />
            <line number="165" hits="0" />
            <line number="166" hits="0" />
            <line number="167" hits="0" />
            <line number="168" hits="0" />
            <line number="170" hits="0" />
            <line number="172" hits="0" />
            <line number="176" hits="0" />
            <line number="177" hits="0" />
            <line number="180" hits="0" />
            <line number="181" hits="0" />
            <line number="182" hits="0" />
            <line number="183" hits="0" />
            <line number="184" hits="0" />
            <line number="187" hits="0" />
            <line number="188" hits="0" />
            <line number="189" hits="0" />
            <line number="190" hits="0" />
            <line number="192" hits="0" />
            <line number="193" hits="0" />
            <line number="194" hits="0" />
            <line number="195" hits="0" />
            <line number="196" hits="0" />
            <line number="199" hits="0" />
            <line number="200" hits="0" />
            <line number="201" hits="0" />
            <line number="202" hits="0" />
            <line number="205" hits="0" />
            <line number="206" hits="0" />
            <line number="207" hits="0" />
            <line number="208" hits="0" />
            <line number="211" hits="0" />
            <line number="212" hits="0" />
            <line number="214" hits="0" />
            <line number="219" hits="1" />
            <line number="221" hits="0" />
            <line number="222" hits="0" />
            <line number="224" hits="0" />
            <line number="225" hits="0" />
            <line number="226" hits="0" />
            <line number="228" hits="0" />
            <line number="229" hits="0" />
            <line number="232" hits="0" />
            <line number="233" hits="0" />
          </lines>
        </class>
      </classes>
    </package>
  </packages>
</coverage>
